#
# A fatal error has been detected by the Java Runtime Environment:
#
#  EXCEPTION_ACCESS_VIOLATION (0xc0000005) at pc=0x00007ff8fa9f1439, pid=15216, tid=17624
#
# JRE version: Java(TM) SE Runtime Environment (9.0+11) (build 9.0.4+11)
# Java VM: Java HotSpot(TM) 64-Bit Server VM (9.0.4+11, mixed mode, tiered, compressed oops, g1 gc, windows-amd64)
# Problematic frame:
# C  0x00007ff8fa9f1439
#
# No core dump will be written. Minidumps are not enabled by default on client versions of Windows
#
# If you would like to submit a bug report, please visit:
#   http://bugreport.java.com/bugreport/crash.jsp
# The crash happened outside the Java Virtual Machine in native code.
# See problematic frame for where to report the bug.
#

---------------  S U M M A R Y ------------

Command Line: -Dsun.java2d.pmoffscreen=false -Dsun.java2d.xrender=false -Dsun.java2d.d3d=false -Dsun.awt.nopixfmt=true -Dsun.java2d.dpiaware=true -Dsun.java2d.uiScale.enabled=false -Xverify:none -Dswing.aatext=true -XX:-UsePerfData -Djdk.map.althashing.threshold=512 -XX:StringTableSize=4072 --add-opens=java.base/java.nio=ALL-UNNAMED --add-opens=java.desktop/sun.swing=ALL-UNNAMED --add-opens=java.desktop/javax.swing=ALL-UNNAMED --add-opens=java.desktop/javax.swing.tree=ALL-UNNAMED --add-opens=java.desktop/javax.swing.plaf.basic=ALL-UNNAMED --add-opens=java.desktop/javax.swing.plaf.synth=ALL-UNNAMED --add-opens=java.desktop/com.sun.awt=ALL-UNNAMED -XX:NewSize=60m -XX:MaxNewSize=60m -Xms128m -Xmx3072m -Xss5m 

Host: Intel(R) Core(TM) i7-10510U CPU @ 1.80GHz, 8 cores, 7G,  Windows 10 , 64 bit Build 19041 (10.0.19041.3636)
Time: Mon Mar 18 12:28:06 2024 Iran Standard Time elapsed time: 2559 seconds (0d 0h 42m 39s)

---------------  T H R E A D  ---------------

Current thread (0x0000023e3cdae000):  JavaThread "AWT-EventQueue-0" [_thread_in_native, id=17624, stack(0x0000006503900000,0x0000006503e00000)]

Stack: [0x0000006503900000,0x0000006503e00000],  sp=0x0000006503df4420,  free space=5073k
Native frames: (J=compiled Java code, j=interpreted, Vv=VM code, C=native code)
C  0x00007ff8fa9f1439
C  0x00007ff8faa05107
C  0x00007ff8faa04e12
C  0x00007ff8fa9eac06
C  0x00007ff8dc5f5e90
C  0x00007ff8dc618744
C  0x00007ff8dc6b1cce
C  0x00007ff8dc6b1bef
C  0x00007ff8dc6dcb0a
C  0x00007ff8dc6daede
C  0x00007ff8dc73873b
C  0x00007ff8dc73a153
C  0x00007ff8dc712ea0
C  0x00007ff8dc712f1d
C  0x00007ff8dc712fc1
C  0x00007ff8dc7395c4
C  0x00007ff8dc709546
C  0x00007ff8dc709315
C  0x00007ff8dc745c1f
C  0x0000023e4c88553a

Java frames: (J=compiled Java code, j=interpreted, Vv=VM code)
J 22065  ui.views.waveform.waveformi.WVExecutive_getGraphicsDataSize(J)J (0 bytes) @ 0x0000023e4c8854a1 [0x0000023e4c885460+0x0000000000000041]
J 22064 c1 ui.views.waveform.executive.a.gEt()Ljava/io/ByteArrayInputStream; (93 bytes) @ 0x0000023e45a2852c [0x0000023e45a28440+0x00000000000000ec]
J 22197 c1 ui.views.waveform.b.a.gEf()V (142 bytes) @ 0x0000023e46924734 [0x0000023e46924620+0x0000000000000114]
J 22033 c1 ui.views.waveform.w.cRi()V (38 bytes) @ 0x0000023e45d774ec [0x0000023e45d76d80+0x000000000000076c]
J 21830 c1 ui.views.waveform.c.b.j(Lui/frmwork/b/i;)V (603 bytes) @ 0x0000023e46213abc [0x0000023e4620a3a0+0x000000000000971c]
J 21829 c1 ui.views.waveform.w.a(Lui/frmwork/b/i;)V (17 bytes) @ 0x0000023e44b06514 [0x0000023e44b06440+0x00000000000000d4]
J 17533 c1 ui.frmwork.b.l.d(Lui/frmwork/b/i;)V (61 bytes) @ 0x0000023e447e4f9c [0x0000023e447e4740+0x000000000000085c]
J 17518 c1 ui.frmwork.HTclEventBroker.i(JZ)V (471 bytes) @ 0x0000023e4507aa9c [0x0000023e450762c0+0x00000000000047dc]
J 17523 c1 ui.frmwork.HTclEventBroker.fireTclEvent(J)I (113 bytes) @ 0x0000023e4473444c [0x0000023e44733c40+0x000000000000080c]
v  ~StubRoutines::call_stub
j  ui.views.waveform.waveformi.WVExecutive_processModelEvent(JJ)V+0
j  ui.views.waveform.executive.a.eE(J)V+5
j  ui.views.waveform.c.b.eD(J)V+8
J 21830 c1 ui.views.waveform.c.b.j(Lui/frmwork/b/i;)V (603 bytes) @ 0x0000023e462147f4 [0x0000023e4620a3a0+0x000000000000a454]
J 21829 c1 ui.views.waveform.w.a(Lui/frmwork/b/i;)V (17 bytes) @ 0x0000023e44b06514 [0x0000023e44b06440+0x00000000000000d4]
J 17533 c1 ui.frmwork.b.l.d(Lui/frmwork/b/i;)V (61 bytes) @ 0x0000023e447e4f9c [0x0000023e447e4740+0x000000000000085c]
J 17518 c1 ui.frmwork.HTclEventBroker.i(JZ)V (471 bytes) @ 0x0000023e4507aa9c [0x0000023e450762c0+0x00000000000047dc]
J 21166 c1 ui.frmwork.HTclEventBroker$$Lambda$204.run()V (12 bytes) @ 0x0000023e4680d65c [0x0000023e4680d580+0x00000000000000dc]
J 12626 c2 java.awt.EventQueue$3.run()Ljava/lang/Object; java.desktop@9.0.4 (5 bytes) @ 0x0000023e4bed0e68 [0x0000023e4bed0680+0x00000000000007e8]
v  ~StubRoutines::call_stub
J 3814  java.security.AccessController.doPrivileged(Ljava/security/PrivilegedAction;Ljava/security/AccessControlContext;)Ljava/lang/Object; java.base@9.0.4 (0 bytes) @ 0x0000023e4b6a1bc6 [0x0000023e4b6a1b60+0x0000000000000066]
J 12428 c2 java.awt.EventQueue.dispatchEvent(Ljava/awt/AWTEvent;)V java.desktop@9.0.4 (80 bytes) @ 0x0000023e4be684d4 [0x0000023e4be681c0+0x0000000000000314]
J 12431 c2 ui.frmwork.b.d.dispatchEvent(Ljava/awt/AWTEvent;)V (34 bytes) @ 0x0000023e4be6945c [0x0000023e4be69360+0x00000000000000fc]
J 22696 c2 java.awt.EventDispatchThread.pumpOneEventForFilters(I)V java.desktop@9.0.4 (218 bytes) @ 0x0000023e4c96abf8 [0x0000023e4c96a880+0x0000000000000378]
J 22152 c2 java.awt.EventDispatchThread.pumpEventsForFilter(ILjava/awt/Conditional;Ljava/awt/EventFilter;)V java.desktop@9.0.4 (47 bytes) @ 0x0000023e4c89e320 [0x0000023e4c89e160+0x00000000000001c0]
j  java.awt.EventDispatchThread.pumpEventsForFilter(Ljava/awt/Conditional;Ljava/awt/EventFilter;)V+4 java.desktop@9.0.4
j  java.awt.WaitDispatchSupport$2.run()V+59 java.desktop@9.0.4
j  java.awt.WaitDispatchSupport$4.run()Ljava/lang/Void;+4 java.desktop@9.0.4
j  java.awt.WaitDispatchSupport$4.run()Ljava/lang/Object;+1 java.desktop@9.0.4
v  ~StubRoutines::call_stub
J 1030  java.security.AccessController.doPrivileged(Ljava/security/PrivilegedAction;)Ljava/lang/Object; java.base@9.0.4 (0 bytes) @ 0x0000023e4b4d88b2 [0x0000023e4b4d8860+0x0000000000000052]
j  java.awt.WaitDispatchSupport.enter()Z+260 java.desktop@9.0.4
j  java.awt.Dialog.show()V+225 java.desktop@9.0.4
J 10593 c1 java.awt.Component.setVisible(Z)V java.desktop@9.0.4 (6 bytes) @ 0x0000023e458bf44c [0x0000023e458bf260+0x00000000000001ec]
j  java.awt.Window.setVisible(Z)V+2 java.desktop@9.0.4
j  java.awt.Dialog.setVisible(Z)V+2 java.desktop@9.0.4
j  ui.b.c.g.setVisible(Z)V+2
j  ui.b.c.by.showDialog()V+64
j  ui.b.c.bF.actionPerformed(Ljava/awt/event/ActionEvent;)V+8
j  ui.b.c.by.cJI()V+396
j  ui.views.c.t.b.a.run()V+60
j  ui.frmwork.a.dWF()Z+66
j  ui.frmwork.V.dYl()V+42
j  ui.bk.actionPerformed(Ljava/awt/event/ActionEvent;)V+25
j  javax.swing.AbstractButton.fireActionPerformed(Ljava/awt/event/ActionEvent;)V+84 java.desktop@9.0.4
j  ui.utils.o.b.B.fireActionPerformed(Ljava/awt/event/ActionEvent;)V+7
j  javax.swing.AbstractButton$Handler.actionPerformed(Ljava/awt/event/ActionEvent;)V+5 java.desktop@9.0.4
j  javax.swing.DefaultButtonModel.fireActionPerformed(Ljava/awt/event/ActionEvent;)V+34 java.desktop@9.0.4
j  javax.swing.DefaultButtonModel.setPressed(Z)V+117 java.desktop@9.0.4
j  javax.swing.plaf.basic.BasicButtonListener.mouseReleased(Ljava/awt/event/MouseEvent;)V+35 java.desktop@9.0.4
j  com.jidesoft.plaf.basic.BasicJideButtonListener.mouseReleased(Ljava/awt/event/MouseEvent;)V+61
J 19491 c1 java.awt.AWTEventMulticaster.mouseReleased(Ljava/awt/event/MouseEvent;)V java.desktop@9.0.4 (27 bytes) @ 0x0000023e4633ac8c [0x0000023e4633aa80+0x000000000000020c]
J 19491 c1 java.awt.AWTEventMulticaster.mouseReleased(Ljava/awt/event/MouseEvent;)V java.desktop@9.0.4 (27 bytes) @ 0x0000023e4633ac8c [0x0000023e4633aa80+0x000000000000020c]
J 19491 c1 java.awt.AWTEventMulticaster.mouseReleased(Ljava/awt/event/MouseEvent;)V java.desktop@9.0.4 (27 bytes) @ 0x0000023e4633ac8c [0x0000023e4633aa80+0x000000000000020c]
J 19491 c1 java.awt.AWTEventMulticaster.mouseReleased(Ljava/awt/event/MouseEvent;)V java.desktop@9.0.4 (27 bytes) @ 0x0000023e4633ac8c [0x0000023e4633aa80+0x000000000000020c]
J 15022 c1 java.awt.Component.processMouseEvent(Ljava/awt/event/MouseEvent;)V java.desktop@9.0.4 (100 bytes) @ 0x0000023e44ee45b4 [0x0000023e44ee4220+0x0000000000000394]
J 15024 c1 javax.swing.JComponent.processMouseEvent(Ljava/awt/event/MouseEvent;)V java.desktop@9.0.4 (27 bytes) @ 0x0000023e44d9076c [0x0000023e44d90560+0x000000000000020c]
J 13259 c2 java.awt.Container.processEvent(Ljava/awt/AWTEvent;)V java.desktop@9.0.4 (22 bytes) @ 0x0000023e4bfd29c0 [0x0000023e4bfd28a0+0x0000000000000120]
J 22829 c1 java.awt.Component.dispatchEventImpl(Ljava/awt/AWTEvent;)V java.desktop@9.0.4 (739 bytes) @ 0x0000023e46ae620c [0x0000023e46ae25a0+0x0000000000003c6c]
J 14114 c2 java.awt.Container.dispatchEventImpl(Ljava/awt/AWTEvent;)V java.desktop@9.0.4 (129 bytes) @ 0x0000023e4c050a98 [0x0000023e4c050a40+0x0000000000000058]
J 14974 c2 java.awt.LightweightDispatcher.retargetMouseEvent(Ljava/awt/Component;ILjava/awt/event/MouseEvent;)V java.desktop@9.0.4 (350 bytes) @ 0x0000023e4c11a3e0 [0x0000023e4c119e60+0x0000000000000580]
J 16843 c2 java.awt.LightweightDispatcher.processMouseEvent(Ljava/awt/event/MouseEvent;)Z java.desktop@9.0.4 (265 bytes) @ 0x0000023e4c2f370c [0x0000023e4c2f2fa0+0x000000000000076c]
J 14114 c2 java.awt.Container.dispatchEventImpl(Ljava/awt/AWTEvent;)V java.desktop@9.0.4 (129 bytes) @ 0x0000023e4c050da4 [0x0000023e4c050a40+0x0000000000000364]
J 16810 c2 java.awt.Window.dispatchEventImpl(Ljava/awt/AWTEvent;)V java.desktop@9.0.4 (23 bytes) @ 0x0000023e4c2e5c0c [0x0000023e4c2e5bc0+0x000000000000004c]
J 12626 c2 java.awt.EventQueue$3.run()Ljava/lang/Object; java.desktop@9.0.4 (5 bytes) @ 0x0000023e4bed0c98 [0x0000023e4bed0680+0x0000000000000618]
v  ~StubRoutines::call_stub
J 3814  java.security.AccessController.doPrivileged(Ljava/security/PrivilegedAction;Ljava/security/AccessControlContext;)Ljava/lang/Object; java.base@9.0.4 (0 bytes) @ 0x0000023e4b6a1bc6 [0x0000023e4b6a1b60+0x0000000000000066]
J 16302 c2 java.awt.EventQueue$4.run()Ljava/lang/Object; java.desktop@9.0.4 (5 bytes) @ 0x0000023e4b5c0140 [0x0000023e4b5bfee0+0x0000000000000260]
v  ~StubRoutines::call_stub
J 3814  java.security.AccessController.doPrivileged(Ljava/security/PrivilegedAction;Ljava/security/AccessControlContext;)Ljava/lang/Object; java.base@9.0.4 (0 bytes) @ 0x0000023e4b6a1bc6 [0x0000023e4b6a1b60+0x0000000000000066]
J 12428 c2 java.awt.EventQueue.dispatchEvent(Ljava/awt/AWTEvent;)V java.desktop@9.0.4 (80 bytes) @ 0x0000023e4be68744 [0x0000023e4be681c0+0x0000000000000584]
J 12431 c2 ui.frmwork.b.d.dispatchEvent(Ljava/awt/AWTEvent;)V (34 bytes) @ 0x0000023e4be6945c [0x0000023e4be69360+0x00000000000000fc]
J 22696 c2 java.awt.EventDispatchThread.pumpOneEventForFilters(I)V java.desktop@9.0.4 (218 bytes) @ 0x0000023e4c96abf8 [0x0000023e4c96a880+0x0000000000000378]
J 21764% c2 java.awt.EventDispatchThread.pumpEventsForFilter(ILjava/awt/Conditional;Ljava/awt/EventFilter;)V java.desktop@9.0.4 (47 bytes) @ 0x0000023e4c1942d8 [0x0000023e4c1941c0+0x0000000000000118]
j  java.awt.EventDispatchThread.pumpEventsForHierarchy(ILjava/awt/Conditional;Ljava/awt/Component;)V+11 java.desktop@9.0.4
j  java.awt.EventDispatchThread.pumpEvents(ILjava/awt/Conditional;)V+4 java.desktop@9.0.4
j  java.awt.EventDispatchThread.pumpEvents(Ljava/awt/Conditional;)V+3 java.desktop@9.0.4
j  java.awt.EventDispatchThread.run()V+9 java.desktop@9.0.4
v  ~StubRoutines::call_stub

siginfo: EXCEPTION_ACCESS_VIOLATION (0xc0000005), reading address 0x0000000000000044


Register to memory mapping:

RIP=0x00007ff8fa9f1439 is an unknown value
RAX=0x0000023e697dfcd0 is an unknown value
RBX=0x0000023e5ea63020 is an unknown value
RCX=0x0000000000000000 is an unknown value
RDX=0x0000023e6ac2e110 is an unknown value
RSP=0x0000006503df4420 is pointing into the stack for thread: 0x0000023e3cdae000
RBP=0x0000006503df45c0 is pointing into the stack for thread: 0x0000023e3cdae000
RSI=0x0000000000000000 is an unknown value
RDI=0x0000006503df4580 is pointing into the stack for thread: 0x0000023e3cdae000
R8 =0x0000006503df44c0 is pointing into the stack for thread: 0x0000023e3cdae000
R9 =0x0000000000000018 is an unknown value
R10=0x0000000000000080 is an unknown value
R11=0xc000000000140795 is an unknown value
R12=0x0000023e6ed9f1d0 is an unknown value
R13=0x0000000000000001 is an unknown value
R14=0x0000023e6ac2e110 is an unknown value
R15=0x0000006503df44c0 is pointing into the stack for thread: 0x0000023e3cdae000


Registers:
RAX=0x0000023e697dfcd0, RBX=0x0000023e5ea63020, RCX=0x0000000000000000, RDX=0x0000023e6ac2e110
RSP=0x0000006503df4420, RBP=0x0000006503df45c0, RSI=0x0000000000000000, RDI=0x0000006503df4580
R8 =0x0000006503df44c0, R9 =0x0000000000000018, R10=0x0000000000000080, R11=0xc000000000140795
R12=0x0000023e6ed9f1d0, R13=0x0000000000000001, R14=0x0000023e6ac2e110, R15=0x0000006503df44c0
RIP=0x00007ff8fa9f1439, EFLAGS=0x0000000000010202

Top of Stack: (sp=0x0000006503df4420)
0x0000006503df4420:   0000006503df4b50 0000000000000000
0x0000006503df4430:   0000000000000000 0000023e6ed9f1d0
0x0000006503df4440:   0000023e5ea63020 0000000000000001
0x0000006503df4450:   fffffffffffffffe 00007ff996a4fde6
0x0000006503df4460:   0000000000000000 00000000000004f8
0x0000006503df4470:   0000006503df4b50 0000000000000000
0x0000006503df4480:   0000006503df4580 00007ff8faa05107
0x0000006503df4490:   00000000000004f8 0000023e5ea63020
0x0000006503df44a0:   0000023e697dfcd0 0000000000000000
0x0000006503df44b0:   0000023e5ea63020 00007ff8faa04e12
0x0000006503df44c0:   0000023e6db198a8 0000023e6db19880
0x0000006503df44d0:   0000000000000001 0000023e6db19880
0x0000006503df44e0:   0000023e6db19880 0000000000000000
0x0000006503df44f0:   0000000000000000 0000023e6ed9f1d0
0x0000006503df4500:   0000000701358780 0000023e6db196a0
0x0000006503df4510:   0000000000000001 0000000000000000 

Instructions: (pc=0x00007ff8fa9f1439)
0x00007ff8fa9f1419:   50 48 c7 44 24 30 fe ff ff ff 48 89 5c 24 78 48
0x00007ff8fa9f1429:   89 b4 24 80 00 00 00 4d 8b f8 4c 8b f2 48 8b f1
0x00007ff8fa9f1439:   83 79 44 00 75 07 33 c0 e9 da 00 00 00 33 db 39
0x00007ff8fa9f1449:   59 44 75 04 8b c3 eb 06 48 8b 41 48 8b 00 8b d0 



---------------  P R O C E S S  ---------------

Java Threads: ( => current thread )
  0x0000023e64d3a800 JavaThread "Relaunch Simulation" [_thread_blocked, id=22432, stack(0x0000006507800000,0x0000006507d00000)]
  0x0000023e64d36800 JavaThread "SyntheticaAnimation 50" daemon [_thread_blocked, id=22428, stack(0x0000006506e00000,0x0000006507300000)]
  0x0000023e64d34800 JavaThread "Image Animator 3" daemon [_thread_blocked, id=19016, stack(0x0000006508c00000,0x0000006509100000)]
  0x0000023e64d35000 JavaThread "SyntheticaAnimation 50" daemon [_thread_blocked, id=15736, stack(0x0000006507300000,0x0000006507800000)]
  0x0000023e64d39800 JavaThread "Update Runs Swing Worker" [_thread_blocked, id=5972, stack(0x0000006507d00000,0x0000006508200000)]
  0x0000023e3c358000 JavaThread "hw_ila_monitor" [_thread_blocked, id=21524, stack(0x0000006506900000,0x0000006506e00000)]
  0x0000023e3c356800 JavaThread "Refresh Filesets Swing Worker" [_thread_blocked, id=19036, stack(0x0000006506400000,0x0000006506900000)]
  0x0000023e3c35c800 JavaThread "SyntheticaAnimation 70" daemon [_thread_blocked, id=7748, stack(0x0000006504800000,0x0000006504d00000)]
  0x0000023e3c359800 JavaThread "SyntheticaAnimation 25" daemon [_thread_blocked, id=8704, stack(0x0000006505f00000,0x0000006506400000)]
  0x0000023e3c35d800 JavaThread "SyntheticaAnimation 50" daemon [_thread_blocked, id=2432, stack(0x0000006505a00000,0x0000006505f00000)]
  0x0000023e3c357800 JavaThread "Monitor HEventQueue" [_thread_blocked, id=22704, stack(0x0000006505500000,0x0000006505a00000)]
  0x0000023e3c35c000 JavaThread "SyntheticaCleanerThread" daemon [_thread_blocked, id=11220, stack(0x0000006504d00000,0x0000006505200000)]
  0x0000023e3c35a800 JavaThread "Batik CleanerThread" daemon [_thread_blocked, id=18992, stack(0x0000006503e00000,0x0000006504300000)]
  0x0000023e3c2a8800 JavaThread "Process Messages" [_thread_blocked, id=1576, stack(0x0000006504300000,0x0000006504800000)]
  0x0000023e3c74f000 JavaThread "Thread-1" [_thread_in_native, id=3816, stack(0x000000657cc00000,0x000000657e000000)]
=>0x0000023e3cdae000 JavaThread "AWT-EventQueue-0" [_thread_in_native, id=17624, stack(0x0000006503900000,0x0000006503e00000)]
  0x0000023e5e37c000 JavaThread "AWT-Shutdown" [_thread_blocked, id=18808, stack(0x0000006503400000,0x0000006503900000)]
  0x0000023e3bf25800 JavaThread "TimerQueue" daemon [_thread_blocked, id=3264, stack(0x0000006502500000,0x0000006502a00000)]
  0x0000023e394ad000 JavaThread "AWT-Windows" daemon [_thread_in_native, id=8236, stack(0x0000006502a00000,0x0000006502f00000)]
  0x0000023e3bf8d000 JavaThread "Java2D Disposer" daemon [_thread_blocked, id=11676, stack(0x0000006502000000,0x0000006502500000)]
  0x0000023e39740000 JavaThread "Service Thread" daemon [_thread_blocked, id=4592, stack(0x0000006501a00000,0x0000006501f00000)]
  0x0000023e395ac800 JavaThread "Common-Cleaner" daemon [_thread_blocked, id=4368, stack(0x0000006501500000,0x0000006501a00000)]
  0x0000023e395aa000 JavaThread "Sweeper thread" daemon [_thread_blocked, id=21780, stack(0x0000006501000000,0x0000006501500000)]
  0x0000023e395a9000 JavaThread "C1 CompilerThread3" daemon [_thread_blocked, id=8616, stack(0x0000006500f00000,0x0000006501000000)]
  0x0000023e395a8000 JavaThread "C2 CompilerThread2" daemon [_thread_blocked, id=20768, stack(0x000000657ff00000,0x0000006580000000)]
  0x0000023e395a7000 JavaThread "C2 CompilerThread1" daemon [_thread_blocked, id=10728, stack(0x000000657fe00000,0x000000657ff00000)]
  0x0000023e395a6800 JavaThread "C2 CompilerThread0" daemon [_thread_blocked, id=4724, stack(0x000000657fd00000,0x000000657fe00000)]
  0x0000023e395a5800 JavaThread "Attach Listener" daemon [_thread_blocked, id=2588, stack(0x0000006500a00000,0x0000006500f00000)]
  0x0000023e395a5000 JavaThread "Signal Dispatcher" daemon [_thread_blocked, id=4212, stack(0x0000006500500000,0x0000006500a00000)]
  0x0000023e39592800 JavaThread "Finalizer" daemon [_thread_blocked, id=6536, stack(0x0000006500000000,0x0000006500500000)]
  0x0000023e37bbd800 JavaThread "Reference Handler" daemon [_thread_blocked, id=10616, stack(0x000000657f800000,0x000000657fd00000)]
  0x0000023e362ca800 JavaThread "main" [_thread_blocked, id=19996, stack(0x000000657e200000,0x000000657e300000)]

Other Threads:
  0x0000023e37bbd000 VMThread "VM Thread" [stack: 0x000000657f700000,0x000000657f800000] [id=4460]
  0x0000023e3922f800 WatcherThread [stack: 0x0000006501f00000,0x0000006502000000] [id=15804]
  0x0000023e38238800 GCTaskThread "GC Thread#0" [stack: 0x000000657e300000,0x000000657e400000] [id=4440]
  0x0000023e36979800 GCTaskThread "GC Thread#1" [stack: 0x000000657e400000,0x000000657e500000] [id=20396]
  0x0000023e3687b800 GCTaskThread "GC Thread#2" [stack: 0x000000657e500000,0x000000657e600000] [id=20952]
  0x0000023e383bf800 GCTaskThread "GC Thread#3" [stack: 0x000000657e600000,0x000000657e700000] [id=1440]
  0x0000023e384a0800 GCTaskThread "GC Thread#4" [stack: 0x000000657e700000,0x000000657e800000] [id=17904]
  0x0000023e382cb000 GCTaskThread "GC Thread#5" [stack: 0x000000657e800000,0x000000657e900000] [id=21848]
  0x0000023e382cb800 GCTaskThread "GC Thread#6" [stack: 0x000000657e900000,0x000000657ea00000] [id=15112]
  0x0000023e3bbd0800 GCTaskThread "GC Thread#7" [stack: 0x000000657ea00000,0x000000657eb00000] [id=15668]
  0x0000023e37e7a800 ConcurrentGCThread "G1 Main Marker" [stack: 0x000000657f400000,0x000000657f500000] [id=14784]
  0x0000023e3ac19800 ConcurrentGCThread "G1 Marker#0" [stack: 0x000000657f500000,0x000000657f600000] [id=10972]
  0x0000023e3ac1a000 ConcurrentGCThread "G1 Marker#1" [stack: 0x000000657f600000,0x000000657f700000] [id=4100]
  0x0000023e38377000 ConcurrentGCThread "G1 Refine#0" [stack: 0x000000657f200000,0x000000657f300000] [id=21844]
  0x0000023e381bb800 ConcurrentGCThread "G1 Refine#1" [stack: 0x000000657f100000,0x000000657f200000] [id=14164]
  0x0000023e36870800 ConcurrentGCThread "G1 Refine#2" [stack: 0x000000657f000000,0x000000657f100000] [id=23104]
  0x0000023e3aa0c800 ConcurrentGCThread "G1 Refine#3" [stack: 0x000000657ef00000,0x000000657f000000] [id=20204]
  0x0000023e3ac28000 ConcurrentGCThread "G1 Refine#4" [stack: 0x000000657ee00000,0x000000657ef00000] [id=12712]
  0x0000023e3ac27800 ConcurrentGCThread "G1 Refine#5" [stack: 0x000000657ed00000,0x000000657ee00000] [id=19756]
  0x0000023e37d5d000 ConcurrentGCThread "G1 Refine#6" [stack: 0x000000657ec00000,0x000000657ed00000] [id=14272]
  0x0000023e37d5c800 ConcurrentGCThread "G1 Refine#7" [stack: 0x000000657eb00000,0x000000657ec00000] [id=18628]
  0x0000023e381bc000 ConcurrentGCThread "G1 Young RemSet Sampling" [stack: 0x000000657f300000,0x000000657f400000] [id=8952]

Threads with active compile tasks:

VM state:not at safepoint (normal execution)

VM Mutex/Monitor currently owned by a thread: None

Heap address: 0x0000000700000000, size: 3072 MB, Compressed Oops mode: Zero based, Oop shift amount: 3
Narrow klass base: 0x0000000000000000, Narrow klass shift: 3
Compressed class space size: 1073741824 Address: 0x00000007c0000000

Heap:
 garbage-first heap   total 231424K, used 95860K [0x0000000700000000, 0x0000000700100710, 0x00000007c0000000)
  region size 1024K, 27 young (27648K), 0 survivors (0K)
 Metaspace       used 84085K, capacity 90503K, committed 90752K, reserved 1128448K
  class space    used 11273K, capacity 12394K, committed 12416K, reserved 1048576K
Heap Regions: E=young(eden), S=young(survivor), O=old, HS=humongous(starts), HC=humongous(continues), CS=collection set, F=free, A=archive, TS=gc time stamp, AC=allocation context, TAMS=top-at-mark-start (previous, next)
|   0|0x0000000700000000, 0x00000007000fd490, 0x0000000700100000| 98%| O|  |TS  0|AC  0|TAMS 0x0000000700000000, 0x0000000700000000|
|   1|0x0000000700100000, 0x0000000700200000, 0x0000000700200000|100%|HS|  |TS  0|AC  0|TAMS 0x0000000700100000, 0x0000000700100000|
|   2|0x0000000700200000, 0x0000000700300000, 0x0000000700300000|100%|HC|  |TS  0|AC  0|TAMS 0x0000000700200000, 0x0000000700200000|
|   3|0x0000000700300000, 0x0000000700400000, 0x0000000700400000|100%|HS|  |TS  0|AC  0|TAMS 0x0000000700300000, 0x0000000700300000|
|   4|0x0000000700400000, 0x00000007004f9a98, 0x0000000700500000| 97%| O|  |TS  0|AC  0|TAMS 0x0000000700400000, 0x0000000700400000|
|   5|0x0000000700500000, 0x00000007005ff668, 0x0000000700600000| 99%| O|  |TS  0|AC  0|TAMS 0x0000000700500000, 0x0000000700500000|
|   6|0x0000000700600000, 0x0000000700700000, 0x0000000700700000|100%| O|  |TS  0|AC  0|TAMS 0x0000000700600000, 0x0000000700600000|
|   7|0x0000000700700000, 0x0000000700800000, 0x0000000700800000|100%| O|  |TS  0|AC  0|TAMS 0x0000000700700000, 0x0000000700700000|
|   8|0x0000000700800000, 0x00000007008fd510, 0x0000000700900000| 98%| O|  |TS  0|AC  0|TAMS 0x0000000700800000, 0x0000000700800000|
|   9|0x0000000700900000, 0x0000000700a00000, 0x0000000700a00000|100%|HS|  |TS  0|AC  0|TAMS 0x0000000700900000, 0x0000000700900000|
|  10|0x0000000700a00000, 0x0000000700af2ee0, 0x0000000700b00000| 94%| O|  |TS  0|AC  0|TAMS 0x0000000700a00000, 0x0000000700a00000|
|  11|0x0000000700b00000, 0x0000000700bfd6e0, 0x0000000700c00000| 98%| O|  |TS  0|AC  0|TAMS 0x0000000700b00000, 0x0000000700b00000|
|  12|0x0000000700c00000, 0x0000000700cfe120, 0x0000000700d00000| 99%| O|  |TS  0|AC  0|TAMS 0x0000000700c00000, 0x0000000700c00000|
|  13|0x0000000700d00000, 0x0000000700dffff0, 0x0000000700e00000| 99%| O|  |TS  0|AC  0|TAMS 0x0000000700d00000, 0x0000000700d00000|
|  14|0x0000000700e00000, 0x0000000700f00000, 0x0000000700f00000|100%| O|  |TS  0|AC  0|TAMS 0x0000000700e00000, 0x0000000700e00000|
|  15|0x0000000700f00000, 0x0000000700fffff0, 0x0000000701000000| 99%| O|  |TS  0|AC  0|TAMS 0x0000000700f00000, 0x0000000700f00000|
|  16|0x0000000701000000, 0x0000000701100000, 0x0000000701100000|100%| O|  |TS  0|AC  0|TAMS 0x0000000701000000, 0x0000000701000000|
|  17|0x0000000701100000, 0x00000007011fff20, 0x0000000701200000| 99%| O|  |TS  0|AC  0|TAMS 0x0000000701100000, 0x0000000701100000|
|  18|0x0000000701200000, 0x00000007012fffd0, 0x0000000701300000| 99%| O|  |TS  0|AC  0|TAMS 0x0000000701200000, 0x0000000701200000|
|  19|0x0000000701300000, 0x00000007013ffff8, 0x0000000701400000| 99%| O|  |TS  0|AC  0|TAMS 0x0000000701300000, 0x0000000701300000|
|  20|0x0000000701400000, 0x00000007014fffa8, 0x0000000701500000| 99%| O|  |TS  0|AC  0|TAMS 0x0000000701400000, 0x0000000701400000|
|  21|0x0000000701500000, 0x00000007015fffe8, 0x0000000701600000| 99%| O|  |TS  0|AC  0|TAMS 0x0000000701500000, 0x0000000701500000|
|  22|0x0000000701600000, 0x00000007016fffb8, 0x0000000701700000| 99%| O|  |TS  0|AC  0|TAMS 0x0000000701600000, 0x0000000701600000|
|  23|0x0000000701700000, 0x0000000701800000, 0x0000000701800000|100%| O|  |TS  0|AC  0|TAMS 0x0000000701700000, 0x0000000701700000|
|  24|0x0000000701800000, 0x00000007018ffff0, 0x0000000701900000| 99%| O|  |TS  0|AC  0|TAMS 0x0000000701800000, 0x0000000701800000|
|  25|0x0000000701900000, 0x00000007019ffff0, 0x0000000701a00000| 99%| O|  |TS  0|AC  0|TAMS 0x0000000701900000, 0x0000000701900000|
|  26|0x0000000701a00000, 0x0000000701afffb0, 0x0000000701b00000| 99%| O|  |TS  0|AC  0|TAMS 0x0000000701a00000, 0x0000000701a00000|
|  27|0x0000000701b00000, 0x0000000701bf3cf8, 0x0000000701c00000| 95%| O|  |TS  0|AC  0|TAMS 0x0000000701b00000, 0x0000000701b00000|
|  28|0x0000000701c00000, 0x0000000701cfffd8, 0x0000000701d00000| 99%| O|  |TS  0|AC  0|TAMS 0x0000000701c00000, 0x0000000701c00000|
|  29|0x0000000701d00000, 0x0000000701dfffe8, 0x0000000701e00000| 99%| O|  |TS  0|AC  0|TAMS 0x0000000701d00000, 0x0000000701d00000|
|  30|0x0000000701e00000, 0x0000000701effed0, 0x0000000701f00000| 99%| O|  |TS  0|AC  0|TAMS 0x0000000701e00000, 0x0000000701e00000|
|  31|0x0000000701f00000, 0x0000000702000000, 0x0000000702000000|100%| O|  |TS  0|AC  0|TAMS 0x0000000701f00000, 0x0000000701f00000|
|  32|0x0000000702000000, 0x00000007020fffb8, 0x0000000702100000| 99%| O|  |TS  0|AC  0|TAMS 0x0000000702000000, 0x0000000702000000|
|  33|0x0000000702100000, 0x0000000702200000, 0x0000000702200000|100%| O|  |TS  0|AC  0|TAMS 0x0000000702100000, 0x0000000702100000|
|  34|0x0000000702200000, 0x0000000702300000, 0x0000000702300000|100%| O|  |TS  0|AC  0|TAMS 0x0000000702200000, 0x0000000702200000|
|  35|0x0000000702300000, 0x00000007023fffe0, 0x0000000702400000| 99%| O|  |TS  0|AC  0|TAMS 0x0000000702300000, 0x0000000702300000|
|  36|0x0000000702400000, 0x00000007024fffc8, 0x0000000702500000| 99%| O|  |TS  0|AC  0|TAMS 0x0000000702400000, 0x0000000702400000|
|  37|0x0000000702500000, 0x00000007025fcbe8, 0x0000000702600000| 98%| O|  |TS  0|AC  0|TAMS 0x0000000702500000, 0x0000000702500000|
|  38|0x0000000702600000, 0x0000000702700000, 0x0000000702700000|100%| O|  |TS  0|AC  0|TAMS 0x0000000702600000, 0x0000000702600000|
|  39|0x0000000702700000, 0x00000007027fffe0, 0x0000000702800000| 99%| O|  |TS  0|AC  0|TAMS 0x0000000702700000, 0x0000000702700000|
|  40|0x0000000702800000, 0x00000007028fe4e0, 0x0000000702900000| 99%| O|  |TS  0|AC  0|TAMS 0x0000000702800000, 0x0000000702800000|
|  41|0x0000000702900000, 0x00000007029ffe38, 0x0000000702a00000| 99%| O|  |TS  0|AC  0|TAMS 0x0000000702900000, 0x0000000702900000|
|  42|0x0000000702a00000, 0x0000000702afb3b0, 0x0000000702b00000| 98%| O|  |TS  0|AC  0|TAMS 0x0000000702a00000, 0x0000000702a00000|
|  43|0x0000000702b00000, 0x0000000702c00000, 0x0000000702c00000|100%| O|  |TS  0|AC  0|TAMS 0x0000000702b00000, 0x0000000702b00000|
|  44|0x0000000702c00000, 0x0000000702cf44a0, 0x0000000702d00000| 95%| O|  |TS  0|AC  0|TAMS 0x0000000702c00000, 0x0000000702c00000|
|  45|0x0000000702d00000, 0x0000000702e00000, 0x0000000702e00000|100%|HS|  |TS  0|AC  0|TAMS 0x0000000702d00000, 0x0000000702d00000|
|  46|0x0000000702e00000, 0x0000000702f00000, 0x0000000702f00000|100%|HC|  |TS  0|AC  0|TAMS 0x0000000702e00000, 0x0000000702e00000|
|  47|0x0000000702f00000, 0x0000000703000000, 0x0000000703000000|100%|HC|  |TS  0|AC  0|TAMS 0x0000000702f00000, 0x0000000702f00000|
|  48|0x0000000703000000, 0x0000000703100000, 0x0000000703100000|100%|HC|  |TS  0|AC  0|TAMS 0x0000000703000000, 0x0000000703000000|
|  49|0x0000000703100000, 0x0000000703200000, 0x0000000703200000|100%|HC|  |TS  0|AC  0|TAMS 0x0000000703100000, 0x0000000703100000|
|  50|0x0000000703200000, 0x0000000703300000, 0x0000000703300000|100%|HC|  |TS  0|AC  0|TAMS 0x0000000703200000, 0x0000000703200000|
|  51|0x0000000703300000, 0x0000000703400000, 0x0000000703400000|100%|HC|  |TS  0|AC  0|TAMS 0x0000000703300000, 0x0000000703300000|
|  52|0x0000000703400000, 0x0000000703500000, 0x0000000703500000|100%|HC|  |TS  0|AC  0|TAMS 0x0000000703400000, 0x0000000703400000|
|  53|0x0000000703500000, 0x00000007035ffff8, 0x0000000703600000| 99%| O|  |TS  0|AC  0|TAMS 0x0000000703500000, 0x0000000703500000|
|  54|0x0000000703600000, 0x00000007036ffff8, 0x0000000703700000| 99%| O|  |TS  0|AC  0|TAMS 0x0000000703600000, 0x0000000703600000|
|  55|0x0000000703700000, 0x00000007037fffc8, 0x0000000703800000| 99%| O|  |TS  0|AC  0|TAMS 0x0000000703700000, 0x0000000703700000|
|  56|0x0000000703800000, 0x0000000703900000, 0x0000000703900000|100%| O|  |TS  0|AC  0|TAMS 0x0000000703800000, 0x0000000703800000|
|  57|0x0000000703900000, 0x00000007039fffe0, 0x0000000703a00000| 99%| O|  |TS  0|AC  0|TAMS 0x0000000703900000, 0x0000000703900000|
|  58|0x0000000703a00000, 0x0000000703aff390, 0x0000000703b00000| 99%| O|  |TS  0|AC  0|TAMS 0x0000000703a00000, 0x0000000703a00000|
|  59|0x0000000703b00000, 0x0000000703c00000, 0x0000000703c00000|100%| O|  |TS  0|AC  0|TAMS 0x0000000703b00000, 0x0000000703b00000|
|  60|0x0000000703c00000, 0x0000000703d00000, 0x0000000703d00000|100%| O|  |TS  0|AC  0|TAMS 0x0000000703c00000, 0x0000000703c00000|
|  61|0x0000000703d00000, 0x0000000703dfffe8, 0x0000000703e00000| 99%| O|  |TS  0|AC  0|TAMS 0x0000000703d00000, 0x0000000703d00000|
|  62|0x0000000703e00000, 0x0000000703efffe8, 0x0000000703f00000| 99%| O|  |TS  0|AC  0|TAMS 0x0000000703e00000, 0x0000000703e00000|
|  63|0x0000000703f00000, 0x0000000703fffff8, 0x0000000704000000| 99%| O|  |TS  0|AC  0|TAMS 0x0000000703f00000, 0x0000000703f00000|
|  64|0x0000000704000000, 0x00000007040ddc78, 0x0000000704100000| 86%| O|  |TS  0|AC  0|TAMS 0x0000000704000000, 0x0000000704000000|
|  65|0x0000000704100000, 0x0000000704100000, 0x0000000704200000|  0%| F|  |TS  0|AC  0|TAMS 0x0000000704100000, 0x0000000704100000|
|  66|0x0000000704200000, 0x0000000704200000, 0x0000000704300000|  0%| F|  |TS  0|AC  0|TAMS 0x0000000704200000, 0x0000000704200000|
|  67|0x0000000704300000, 0x0000000704300000, 0x0000000704400000|  0%| F|  |TS  0|AC  0|TAMS 0x0000000704300000, 0x0000000704300000|
|  68|0x0000000704400000, 0x0000000704400000, 0x0000000704500000|  0%| F|  |TS  0|AC  0|TAMS 0x0000000704400000, 0x0000000704400000|
|  69|0x0000000704500000, 0x0000000704500000, 0x0000000704600000|  0%| F|  |TS  0|AC  0|TAMS 0x0000000704500000, 0x0000000704500000|
|  70|0x0000000704600000, 0x0000000704600000, 0x0000000704700000|  0%| F|  |TS  0|AC  0|TAMS 0x0000000704600000, 0x0000000704600000|
|  71|0x0000000704700000, 0x0000000704700000, 0x0000000704800000|  0%| F|  |TS  0|AC  0|TAMS 0x0000000704700000, 0x0000000704700000|
|  72|0x0000000704800000, 0x0000000704800000, 0x0000000704900000|  0%| F|  |TS  0|AC  0|TAMS 0x0000000704800000, 0x0000000704800000|
|  73|0x0000000704900000, 0x0000000704a00000, 0x0000000704a00000|100%|HS|  |TS  0|AC  0|TAMS 0x0000000704900000, 0x0000000704900000|
|  74|0x0000000704a00000, 0x0000000704b00000, 0x0000000704b00000|100%|HC|  |TS  0|AC  0|TAMS 0x0000000704a00000, 0x0000000704a00000|
|  75|0x0000000704b00000, 0x0000000704c00000, 0x0000000704c00000|100%|HC|  |TS  0|AC  0|TAMS 0x0000000704b00000, 0x0000000704b00000|
|  76|0x0000000704c00000, 0x0000000704c00000, 0x0000000704d00000|  0%| F|  |TS  0|AC  0|TAMS 0x0000000704c00000, 0x0000000704c00000|
|  77|0x0000000704d00000, 0x0000000704d00000, 0x0000000704e00000|  0%| F|  |TS  0|AC  0|TAMS 0x0000000704d00000, 0x0000000704d00000|
|  78|0x0000000704e00000, 0x0000000704e00000, 0x0000000704f00000|  0%| F|  |TS  0|AC  0|TAMS 0x0000000704e00000, 0x0000000704e00000|
|  79|0x0000000704f00000, 0x0000000704f00000, 0x0000000705000000|  0%| F|  |TS  0|AC  0|TAMS 0x0000000704f00000, 0x0000000704f00000|
|  80|0x0000000705000000, 0x0000000705000000, 0x0000000705100000|  0%| F|  |TS  0|AC  0|TAMS 0x0000000705000000, 0x0000000705000000|
|  81|0x0000000705100000, 0x0000000705100000, 0x0000000705200000|  0%| F|  |TS  0|AC  0|TAMS 0x0000000705100000, 0x0000000705100000|
|  82|0x0000000705200000, 0x0000000705200000, 0x0000000705300000|  0%| F|  |TS  0|AC  0|TAMS 0x0000000705200000, 0x0000000705200000|
|  83|0x0000000705300000, 0x0000000705300000, 0x0000000705400000|  0%| F|  |TS  0|AC  0|TAMS 0x0000000705300000, 0x0000000705300000|
|  84|0x0000000705400000, 0x0000000705400000, 0x0000000705500000|  0%| F|  |TS  0|AC  0|TAMS 0x0000000705400000, 0x0000000705400000|
|  85|0x0000000705500000, 0x0000000705500000, 0x0000000705600000|  0%| F|  |TS  0|AC  0|TAMS 0x0000000705500000, 0x0000000705500000|
|  86|0x0000000705600000, 0x0000000705600000, 0x0000000705700000|  0%| F|  |TS  0|AC  0|TAMS 0x0000000705600000, 0x0000000705600000|
|  87|0x0000000705700000, 0x0000000705700000, 0x0000000705800000|  0%| F|  |TS  0|AC  0|TAMS 0x0000000705700000, 0x0000000705700000|
|  88|0x0000000705800000, 0x0000000705800000, 0x0000000705900000|  0%| F|  |TS  0|AC  0|TAMS 0x0000000705800000, 0x0000000705800000|
|  89|0x0000000705900000, 0x0000000705900000, 0x0000000705a00000|  0%| F|  |TS  0|AC  0|TAMS 0x0000000705900000, 0x0000000705900000|
|  90|0x0000000705a00000, 0x0000000705a00000, 0x0000000705b00000|  0%| F|  |TS  0|AC  0|TAMS 0x0000000705a00000, 0x0000000705a00000|
|  91|0x0000000705b00000, 0x0000000705b00000, 0x0000000705c00000|  0%| F|  |TS  0|AC  0|TAMS 0x0000000705b00000, 0x0000000705b00000|
|  92|0x0000000705c00000, 0x0000000705c00000, 0x0000000705d00000|  0%| F|  |TS  0|AC  0|TAMS 0x0000000705c00000, 0x0000000705c00000|
|  93|0x0000000705d00000, 0x0000000705d00000, 0x0000000705e00000|  0%| F|  |TS  0|AC  0|TAMS 0x0000000705d00000, 0x0000000705d00000|
|  94|0x0000000705e00000, 0x0000000705e00000, 0x0000000705f00000|  0%| F|  |TS  0|AC  0|TAMS 0x0000000705e00000, 0x0000000705e00000|
|  95|0x0000000705f00000, 0x0000000705f00000, 0x0000000706000000|  0%| F|  |TS  0|AC  0|TAMS 0x0000000705f00000, 0x0000000705f00000|
|  96|0x0000000706000000, 0x0000000706000000, 0x0000000706100000|  0%| F|  |TS  0|AC  0|TAMS 0x0000000706000000, 0x0000000706000000|
|  97|0x0000000706100000, 0x0000000706100000, 0x0000000706200000|  0%| F|  |TS  0|AC  0|TAMS 0x0000000706100000, 0x0000000706100000|
|  98|0x0000000706200000, 0x0000000706200000, 0x0000000706300000|  0%| F|  |TS  0|AC  0|TAMS 0x0000000706200000, 0x0000000706200000|
|  99|0x0000000706300000, 0x0000000706300000, 0x0000000706400000|  0%| F|  |TS  0|AC  0|TAMS 0x0000000706300000, 0x0000000706300000|
| 100|0x0000000706400000, 0x0000000706400000, 0x0000000706500000|  0%| F|  |TS  0|AC  0|TAMS 0x0000000706400000, 0x0000000706400000|
| 101|0x0000000706500000, 0x0000000706500000, 0x0000000706600000|  0%| F|  |TS  0|AC  0|TAMS 0x0000000706500000, 0x0000000706500000|
| 102|0x0000000706600000, 0x0000000706600000, 0x0000000706700000|  0%| F|  |TS  0|AC  0|TAMS 0x0000000706600000, 0x0000000706600000|
| 103|0x0000000706700000, 0x0000000706700000, 0x0000000706800000|  0%| F|  |TS  0|AC  0|TAMS 0x0000000706700000, 0x0000000706700000|
| 104|0x0000000706800000, 0x0000000706800000, 0x0000000706900000|  0%| F|  |TS  0|AC  0|TAMS 0x0000000706800000, 0x0000000706800000|
| 105|0x0000000706900000, 0x0000000706900000, 0x0000000706a00000|  0%| F|  |TS  0|AC  0|TAMS 0x0000000706900000, 0x0000000706900000|
| 106|0x0000000706a00000, 0x0000000706a00000, 0x0000000706b00000|  0%| F|  |TS  0|AC  0|TAMS 0x0000000706a00000, 0x0000000706a00000|
| 107|0x0000000706b00000, 0x0000000706b00000, 0x0000000706c00000|  0%| F|  |TS  0|AC  0|TAMS 0x0000000706b00000, 0x0000000706b00000|
| 108|0x0000000706c00000, 0x0000000706c00000, 0x0000000706d00000|  0%| F|  |TS  0|AC  0|TAMS 0x0000000706c00000, 0x0000000706c00000|
| 109|0x0000000706d00000, 0x0000000706d00000, 0x0000000706e00000|  0%| F|  |TS  0|AC  0|TAMS 0x0000000706d00000, 0x0000000706d00000|
| 110|0x0000000706e00000, 0x0000000706e00000, 0x0000000706f00000|  0%| F|  |TS  0|AC  0|TAMS 0x0000000706e00000, 0x0000000706e00000|
| 111|0x0000000706f00000, 0x0000000706f00000, 0x0000000707000000|  0%| F|  |TS  0|AC  0|TAMS 0x0000000706f00000, 0x0000000706f00000|
| 112|0x0000000707000000, 0x0000000707000000, 0x0000000707100000|  0%| F|  |TS  0|AC  0|TAMS 0x0000000707000000, 0x0000000707000000|
| 113|0x0000000707100000, 0x0000000707100000, 0x0000000707200000|  0%| F|  |TS  0|AC  0|TAMS 0x0000000707100000, 0x0000000707100000|
| 114|0x0000000707200000, 0x0000000707200000, 0x0000000707300000|  0%| F|  |TS  0|AC  0|TAMS 0x0000000707200000, 0x0000000707200000|
| 115|0x0000000707300000, 0x0000000707300000, 0x0000000707400000|  0%| F|  |TS  0|AC  0|TAMS 0x0000000707300000, 0x0000000707300000|
| 116|0x0000000707400000, 0x0000000707400000, 0x0000000707500000|  0%| F|  |TS  0|AC  0|TAMS 0x0000000707400000, 0x0000000707400000|
| 117|0x0000000707500000, 0x0000000707500000, 0x0000000707600000|  0%| F|  |TS  0|AC  0|TAMS 0x0000000707500000, 0x0000000707500000|
| 118|0x0000000707600000, 0x0000000707600000, 0x0000000707700000|  0%| F|  |TS  0|AC  0|TAMS 0x0000000707600000, 0x0000000707600000|
| 119|0x0000000707700000, 0x0000000707700000, 0x0000000707800000|  0%| F|  |TS  0|AC  0|TAMS 0x0000000707700000, 0x0000000707700000|
| 120|0x0000000707800000, 0x0000000707800000, 0x0000000707900000|  0%| F|  |TS  0|AC  0|TAMS 0x0000000707800000, 0x0000000707800000|
| 121|0x0000000707900000, 0x0000000707900000, 0x0000000707a00000|  0%| F|  |TS  0|AC  0|TAMS 0x0000000707900000, 0x0000000707900000|
| 122|0x0000000707a00000, 0x0000000707a00000, 0x0000000707b00000|  0%| F|  |TS  0|AC  0|TAMS 0x0000000707a00000, 0x0000000707a00000|
| 123|0x0000000707b00000, 0x0000000707b00000, 0x0000000707c00000|  0%| F|  |TS  0|AC  0|TAMS 0x0000000707b00000, 0x0000000707b00000|
| 124|0x0000000707c00000, 0x0000000707c00000, 0x0000000707d00000|  0%| F|  |TS  0|AC  0|TAMS 0x0000000707c00000, 0x0000000707c00000|
| 125|0x0000000707d00000, 0x0000000707d00000, 0x0000000707e00000|  0%| F|  |TS  0|AC  0|TAMS 0x0000000707d00000, 0x0000000707d00000|
| 126|0x0000000707e00000, 0x0000000707e00000, 0x0000000707f00000|  0%| F|  |TS  0|AC  0|TAMS 0x0000000707e00000, 0x0000000707e00000|
| 127|0x0000000707f00000, 0x0000000707f00000, 0x0000000708000000|  0%| F|  |TS  0|AC  0|TAMS 0x0000000707f00000, 0x0000000707f00000|
| 128|0x0000000708000000, 0x0000000708000000, 0x0000000708100000|  0%| F|  |TS  0|AC  0|TAMS 0x0000000708000000, 0x0000000708000000|
| 129|0x0000000708100000, 0x0000000708100000, 0x0000000708200000|  0%| F|  |TS  0|AC  0|TAMS 0x0000000708100000, 0x0000000708100000|
| 130|0x0000000708200000, 0x0000000708200000, 0x0000000708300000|  0%| F|  |TS  0|AC  0|TAMS 0x0000000708200000, 0x0000000708200000|
| 131|0x0000000708300000, 0x0000000708300000, 0x0000000708400000|  0%| F|  |TS  0|AC  0|TAMS 0x0000000708300000, 0x0000000708300000|
| 132|0x0000000708400000, 0x0000000708400000, 0x0000000708500000|  0%| F|  |TS  0|AC  0|TAMS 0x0000000708400000, 0x0000000708400000|
| 133|0x0000000708500000, 0x0000000708500000, 0x0000000708600000|  0%| F|  |TS  0|AC  0|TAMS 0x0000000708500000, 0x0000000708500000|
| 134|0x0000000708600000, 0x0000000708600000, 0x0000000708700000|  0%| F|  |TS  0|AC  0|TAMS 0x0000000708600000, 0x0000000708600000|
| 135|0x0000000708700000, 0x0000000708700000, 0x0000000708800000|  0%| F|  |TS  0|AC  0|TAMS 0x0000000708700000, 0x0000000708700000|
| 136|0x0000000708800000, 0x0000000708800000, 0x0000000708900000|  0%| F|  |TS  0|AC  0|TAMS 0x0000000708800000, 0x0000000708800000|
| 137|0x0000000708900000, 0x0000000708900000, 0x0000000708a00000|  0%| F|  |TS  0|AC  0|TAMS 0x0000000708900000, 0x0000000708900000|
| 138|0x0000000708a00000, 0x0000000708a00000, 0x0000000708b00000|  0%| F|  |TS  0|AC  0|TAMS 0x0000000708a00000, 0x0000000708a00000|
| 139|0x0000000708b00000, 0x0000000708b00000, 0x0000000708c00000|  0%| F|  |TS  0|AC  0|TAMS 0x0000000708b00000, 0x0000000708b00000|
| 140|0x0000000708c00000, 0x0000000708c00000, 0x0000000708d00000|  0%| F|  |TS  0|AC  0|TAMS 0x0000000708c00000, 0x0000000708c00000|
| 141|0x0000000708d00000, 0x0000000708d00000, 0x0000000708e00000|  0%| F|  |TS  0|AC  0|TAMS 0x0000000708d00000, 0x0000000708d00000|
| 142|0x0000000708e00000, 0x0000000708e00000, 0x0000000708f00000|  0%| F|  |TS  0|AC  0|TAMS 0x0000000708e00000, 0x0000000708e00000|
| 143|0x0000000708f00000, 0x0000000708f00000, 0x0000000709000000|  0%| F|  |TS  0|AC  0|TAMS 0x0000000708f00000, 0x0000000708f00000|
| 144|0x0000000709000000, 0x0000000709000000, 0x0000000709100000|  0%| F|  |TS  0|AC  0|TAMS 0x0000000709000000, 0x0000000709000000|
| 145|0x0000000709100000, 0x0000000709100000, 0x0000000709200000|  0%| F|  |TS  0|AC  0|TAMS 0x0000000709100000, 0x0000000709100000|
| 146|0x0000000709200000, 0x0000000709200000, 0x0000000709300000|  0%| F|  |TS  0|AC  0|TAMS 0x0000000709200000, 0x0000000709200000|
| 147|0x0000000709300000, 0x0000000709300000, 0x0000000709400000|  0%| F|  |TS  0|AC  0|TAMS 0x0000000709300000, 0x0000000709300000|
| 148|0x0000000709400000, 0x0000000709400000, 0x0000000709500000|  0%| F|  |TS  0|AC  0|TAMS 0x0000000709400000, 0x0000000709400000|
| 149|0x0000000709500000, 0x0000000709500000, 0x0000000709600000|  0%| F|  |TS  0|AC  0|TAMS 0x0000000709500000, 0x0000000709500000|
| 150|0x0000000709600000, 0x0000000709600000, 0x0000000709700000|  0%| F|  |TS  0|AC  0|TAMS 0x0000000709600000, 0x0000000709600000|
| 151|0x0000000709700000, 0x0000000709700000, 0x0000000709800000|  0%| F|  |TS  0|AC  0|TAMS 0x0000000709700000, 0x0000000709700000|
| 152|0x0000000709800000, 0x0000000709800000, 0x0000000709900000|  0%| F|  |TS  0|AC  0|TAMS 0x0000000709800000, 0x0000000709800000|
| 153|0x0000000709900000, 0x0000000709900000, 0x0000000709a00000|  0%| F|  |TS  0|AC  0|TAMS 0x0000000709900000, 0x0000000709900000|
| 154|0x0000000709a00000, 0x0000000709a00000, 0x0000000709b00000|  0%| F|  |TS  0|AC  0|TAMS 0x0000000709a00000, 0x0000000709a00000|
| 155|0x0000000709b00000, 0x0000000709b00000, 0x0000000709c00000|  0%| F|  |TS  0|AC  0|TAMS 0x0000000709b00000, 0x0000000709b00000|
| 156|0x0000000709c00000, 0x0000000709c00000, 0x0000000709d00000|  0%| F|  |TS  0|AC  0|TAMS 0x0000000709c00000, 0x0000000709c00000|
| 157|0x0000000709d00000, 0x0000000709d00000, 0x0000000709e00000|  0%| F|  |TS  0|AC  0|TAMS 0x0000000709d00000, 0x0000000709d00000|
| 158|0x0000000709e00000, 0x0000000709e00000, 0x0000000709f00000|  0%| F|  |TS  0|AC  0|TAMS 0x0000000709e00000, 0x0000000709e00000|
| 159|0x0000000709f00000, 0x0000000709f00000, 0x000000070a000000|  0%| F|  |TS  0|AC  0|TAMS 0x0000000709f00000, 0x0000000709f00000|
| 160|0x000000070a000000, 0x000000070a000000, 0x000000070a100000|  0%| F|  |TS  0|AC  0|TAMS 0x000000070a000000, 0x000000070a000000|
| 161|0x000000070a100000, 0x000000070a100000, 0x000000070a200000|  0%| F|  |TS  0|AC  0|TAMS 0x000000070a100000, 0x000000070a100000|
| 162|0x000000070a200000, 0x000000070a200000, 0x000000070a300000|  0%| F|  |TS  0|AC  0|TAMS 0x000000070a200000, 0x000000070a200000|
| 163|0x000000070a300000, 0x000000070a300000, 0x000000070a400000|  0%| F|  |TS  0|AC  0|TAMS 0x000000070a300000, 0x000000070a300000|
| 164|0x000000070a400000, 0x000000070a400000, 0x000000070a500000|  0%| F|  |TS  0|AC  0|TAMS 0x000000070a400000, 0x000000070a400000|
| 165|0x000000070a500000, 0x000000070a500000, 0x000000070a600000|  0%| F|  |TS  0|AC  0|TAMS 0x000000070a500000, 0x000000070a500000|
| 166|0x000000070a600000, 0x000000070a600000, 0x000000070a700000|  0%| F|  |TS  0|AC  0|TAMS 0x000000070a600000, 0x000000070a600000|
| 167|0x000000070a700000, 0x000000070a700000, 0x000000070a800000|  0%| F|  |TS  0|AC  0|TAMS 0x000000070a700000, 0x000000070a700000|
| 168|0x000000070a800000, 0x000000070a800000, 0x000000070a900000|  0%| F|  |TS  0|AC  0|TAMS 0x000000070a800000, 0x000000070a800000|
| 169|0x000000070a900000, 0x000000070a900000, 0x000000070aa00000|  0%| F|  |TS  0|AC  0|TAMS 0x000000070a900000, 0x000000070a900000|
| 170|0x000000070aa00000, 0x000000070aa00000, 0x000000070ab00000|  0%| F|  |TS  0|AC  0|TAMS 0x000000070aa00000, 0x000000070aa00000|
| 171|0x000000070ab00000, 0x000000070ab00000, 0x000000070ac00000|  0%| F|  |TS  0|AC  0|TAMS 0x000000070ab00000, 0x000000070ab00000|
| 172|0x000000070ac00000, 0x000000070ac00000, 0x000000070ad00000|  0%| F|  |TS  0|AC  0|TAMS 0x000000070ac00000, 0x000000070ac00000|
| 173|0x000000070ad00000, 0x000000070ad00000, 0x000000070ae00000|  0%| F|  |TS  0|AC  0|TAMS 0x000000070ad00000, 0x000000070ad00000|
| 174|0x000000070ae00000, 0x000000070ae00000, 0x000000070af00000|  0%| F|  |TS  0|AC  0|TAMS 0x000000070ae00000, 0x000000070ae00000|
| 175|0x000000070af00000, 0x000000070af00000, 0x000000070b000000|  0%| F|  |TS  0|AC  0|TAMS 0x000000070af00000, 0x000000070af00000|
| 176|0x000000070b000000, 0x000000070b000000, 0x000000070b100000|  0%| F|  |TS  0|AC  0|TAMS 0x000000070b000000, 0x000000070b000000|
| 177|0x000000070b100000, 0x000000070b100000, 0x000000070b200000|  0%| F|  |TS  0|AC  0|TAMS 0x000000070b100000, 0x000000070b100000|
| 178|0x000000070b200000, 0x000000070b200000, 0x000000070b300000|  0%| F|  |TS  0|AC  0|TAMS 0x000000070b200000, 0x000000070b200000|
| 179|0x000000070b300000, 0x000000070b300000, 0x000000070b400000|  0%| F|  |TS  0|AC  0|TAMS 0x000000070b300000, 0x000000070b300000|
| 180|0x000000070b400000, 0x000000070b400000, 0x000000070b500000|  0%| F|  |TS  0|AC  0|TAMS 0x000000070b400000, 0x000000070b400000|
| 181|0x000000070b500000, 0x000000070b500000, 0x000000070b600000|  0%| F|  |TS  0|AC  0|TAMS 0x000000070b500000, 0x000000070b500000|
| 182|0x000000070b600000, 0x000000070b600000, 0x000000070b700000|  0%| F|  |TS  0|AC  0|TAMS 0x000000070b600000, 0x000000070b600000|
| 183|0x000000070b700000, 0x000000070b700000, 0x000000070b800000|  0%| F|  |TS  0|AC  0|TAMS 0x000000070b700000, 0x000000070b700000|
| 184|0x000000070b800000, 0x000000070b800000, 0x000000070b900000|  0%| F|  |TS  0|AC  0|TAMS 0x000000070b800000, 0x000000070b800000|
| 185|0x000000070b900000, 0x000000070b900000, 0x000000070ba00000|  0%| F|  |TS  0|AC  0|TAMS 0x000000070b900000, 0x000000070b900000|
| 186|0x000000070ba00000, 0x000000070ba00000, 0x000000070bb00000|  0%| F|  |TS  0|AC  0|TAMS 0x000000070ba00000, 0x000000070ba00000|
| 187|0x000000070bb00000, 0x000000070bb00000, 0x000000070bc00000|  0%| F|  |TS  0|AC  0|TAMS 0x000000070bb00000, 0x000000070bb00000|
| 188|0x000000070bc00000, 0x000000070bc00000, 0x000000070bd00000|  0%| F|  |TS  0|AC  0|TAMS 0x000000070bc00000, 0x000000070bc00000|
| 189|0x000000070bd00000, 0x000000070bd00000, 0x000000070be00000|  0%| F|  |TS  0|AC  0|TAMS 0x000000070bd00000, 0x000000070bd00000|
| 190|0x000000070be00000, 0x000000070be00000, 0x000000070bf00000|  0%| F|  |TS  0|AC  0|TAMS 0x000000070be00000, 0x000000070be00000|
| 191|0x000000070bf00000, 0x000000070bf00000, 0x000000070c000000|  0%| F|  |TS  0|AC  0|TAMS 0x000000070bf00000, 0x000000070bf00000|
| 192|0x000000070c000000, 0x000000070c000000, 0x000000070c100000|  0%| F|  |TS  0|AC  0|TAMS 0x000000070c000000, 0x000000070c000000|
| 193|0x000000070c100000, 0x000000070c100000, 0x000000070c200000|  0%| F|  |TS  0|AC  0|TAMS 0x000000070c100000, 0x000000070c100000|
| 194|0x000000070c200000, 0x000000070c200000, 0x000000070c300000|  0%| F|  |TS  0|AC  0|TAMS 0x000000070c200000, 0x000000070c200000|
| 195|0x000000070c300000, 0x000000070c300000, 0x000000070c400000|  0%| F|  |TS  0|AC  0|TAMS 0x000000070c300000, 0x000000070c300000|
| 196|0x000000070c400000, 0x000000070c400000, 0x000000070c500000|  0%| F|  |TS  0|AC  0|TAMS 0x000000070c400000, 0x000000070c400000|
| 197|0x000000070c500000, 0x000000070c500000, 0x000000070c600000|  0%| F|  |TS  0|AC  0|TAMS 0x000000070c500000, 0x000000070c500000|
| 198|0x000000070c600000, 0x000000070c600000, 0x000000070c700000|  0%| F|  |TS  0|AC  0|TAMS 0x000000070c600000, 0x000000070c600000|
| 199|0x000000070c700000, 0x000000070c793228, 0x000000070c800000| 57%| E|  |TS  0|AC  0|TAMS 0x000000070c700000, 0x000000070c700000|
| 200|0x000000070c800000, 0x000000070c900000, 0x000000070c900000|100%| E|CS|TS  0|AC  0|TAMS 0x000000070c800000, 0x000000070c800000|
| 201|0x000000070c900000, 0x000000070ca00000, 0x000000070ca00000|100%| E|CS|TS  0|AC  0|TAMS 0x000000070c900000, 0x000000070c900000|
| 202|0x000000070ca00000, 0x000000070cb00000, 0x000000070cb00000|100%| E|CS|TS  0|AC  0|TAMS 0x000000070ca00000, 0x000000070ca00000|
| 203|0x000000070cb00000, 0x000000070cc00000, 0x000000070cc00000|100%| E|CS|TS  0|AC  0|TAMS 0x000000070cb00000, 0x000000070cb00000|
| 204|0x000000070cc00000, 0x000000070cd00000, 0x000000070cd00000|100%| E|CS|TS  0|AC  0|TAMS 0x000000070cc00000, 0x000000070cc00000|
| 205|0x000000070cd00000, 0x000000070ce00000, 0x000000070ce00000|100%| E|CS|TS  0|AC  0|TAMS 0x000000070cd00000, 0x000000070cd00000|
| 206|0x000000070ce00000, 0x000000070cf00000, 0x000000070cf00000|100%| E|CS|TS  0|AC  0|TAMS 0x000000070ce00000, 0x000000070ce00000|
| 207|0x000000070cf00000, 0x000000070d000000, 0x000000070d000000|100%| E|CS|TS  0|AC  0|TAMS 0x000000070cf00000, 0x000000070cf00000|
| 208|0x000000070d000000, 0x000000070d100000, 0x000000070d100000|100%| E|CS|TS  0|AC  0|TAMS 0x000000070d000000, 0x000000070d000000|
| 209|0x000000070d100000, 0x000000070d200000, 0x000000070d200000|100%| E|CS|TS  0|AC  0|TAMS 0x000000070d100000, 0x000000070d100000|
| 210|0x000000070d200000, 0x000000070d300000, 0x000000070d300000|100%| E|CS|TS  0|AC  0|TAMS 0x000000070d200000, 0x000000070d200000|
| 211|0x000000070d300000, 0x000000070d400000, 0x000000070d400000|100%| E|CS|TS  0|AC  0|TAMS 0x000000070d300000, 0x000000070d300000|
| 212|0x000000070d400000, 0x000000070d500000, 0x000000070d500000|100%| E|CS|TS  0|AC  0|TAMS 0x000000070d400000, 0x000000070d400000|
| 213|0x000000070d500000, 0x000000070d600000, 0x000000070d600000|100%| E|CS|TS  0|AC  0|TAMS 0x000000070d500000, 0x000000070d500000|
| 214|0x000000070d600000, 0x000000070d700000, 0x000000070d700000|100%| E|CS|TS  0|AC  0|TAMS 0x000000070d600000, 0x000000070d600000|
| 215|0x000000070d700000, 0x000000070d800000, 0x000000070d800000|100%| E|CS|TS  0|AC  0|TAMS 0x000000070d700000, 0x000000070d700000|
| 216|0x000000070d800000, 0x000000070d900000, 0x000000070d900000|100%| E|CS|TS  0|AC  0|TAMS 0x000000070d800000, 0x000000070d800000|
| 217|0x000000070d900000, 0x000000070da00000, 0x000000070da00000|100%| E|CS|TS  0|AC  0|TAMS 0x000000070d900000, 0x000000070d900000|
| 218|0x000000070da00000, 0x000000070db00000, 0x000000070db00000|100%| E|CS|TS  0|AC  0|TAMS 0x000000070da00000, 0x000000070da00000|
| 219|0x000000070db00000, 0x000000070dc00000, 0x000000070dc00000|100%| E|CS|TS  0|AC  0|TAMS 0x000000070db00000, 0x000000070db00000|
| 220|0x000000070dc00000, 0x000000070dd00000, 0x000000070dd00000|100%| E|CS|TS  0|AC  0|TAMS 0x000000070dc00000, 0x000000070dc00000|
| 221|0x000000070dd00000, 0x000000070de00000, 0x000000070de00000|100%| E|CS|TS  0|AC  0|TAMS 0x000000070dd00000, 0x000000070dd00000|
| 222|0x000000070de00000, 0x000000070df00000, 0x000000070df00000|100%| E|CS|TS  0|AC  0|TAMS 0x000000070de00000, 0x000000070de00000|
| 223|0x000000070df00000, 0x000000070e000000, 0x000000070e000000|100%| E|CS|TS  0|AC  0|TAMS 0x000000070df00000, 0x000000070df00000|
| 224|0x000000070e000000, 0x000000070e100000, 0x000000070e100000|100%| E|CS|TS  0|AC  0|TAMS 0x000000070e000000, 0x000000070e000000|
| 225|0x000000070e100000, 0x000000070e200000, 0x000000070e200000|100%| E|CS|TS  0|AC  0|TAMS 0x000000070e100000, 0x000000070e100000|

Card table byte_map: [0x0000023e52fa0000,0x0000023e535a0000] byte_map_base: 0x0000023e4f7a0000

Marking Bits (Prev, Next): (CMBitMap*) 0x0000023e37e79b90, (CMBitMap*) 0x0000023e37e79bc8
 Prev Bits: [0x0000023e53ba0000, 0x0000023e56ba0000)
 Next Bits: [0x0000023e56ba0000, 0x0000023e59ba0000)

Polling page: 0x0000023e300a0000

CodeHeap 'non-profiled nmethods': size=120000Kb used=21962Kb max_used=21962Kb free=98037Kb
 bounds [0x0000023e4b470000, 0x0000023e4c9f0000, 0x0000023e529a0000]
CodeHeap 'profiled nmethods': size=120000Kb used=44731Kb max_used=44731Kb free=75268Kb
 bounds [0x0000023e43f40000, 0x0000023e46b30000, 0x0000023e4b470000]
CodeHeap 'non-nmethods': size=5760Kb used=1779Kb max_used=1824Kb free=3980Kb
 bounds [0x0000023e439a0000, 0x0000023e43c10000, 0x0000023e43f40000]
 total_blobs=33462 nmethods=17940 adapters=1102
 compilation: enabled

Compilation events (10 events):
Event: 2557.357 Thread 0x0000023e395a9000 22902       3       javax.swing.text.ParagraphView$Row::getViewIndexAtPosition (61 bytes)
Event: 2557.357 Thread 0x0000023e395a9000 nmethod 22902 0x0000023e46b21590 code [0x0000023e46b217a0, 0x0000023e46b21e80]
Event: 2558.203 Thread 0x0000023e395a9000 22903       3       javax.swing.plaf.basic.BasicTableHeaderUI::getHeaderRenderer (89 bytes)
Event: 2558.204 Thread 0x0000023e395a9000 nmethod 22903 0x0000023e46b22090 code [0x0000023e46b22300, 0x0000023e46b22fc0]
Event: 2558.331 Thread 0x0000023e395a8000 22904       4       javax.swing.text.View::updateChildren (98 bytes)
Event: 2558.337 Thread 0x0000023e395a8000 nmethod 22904 0x0000023e4c9e2890 code [0x0000023e4c9e2a60, 0x0000023e4c9e2fb8]
Event: 2559.824 Thread 0x0000023e395a9000 22905       3       ui.views.cJ::refresh (101 bytes)
Event: 2559.825 Thread 0x0000023e395a6800 22906       4       ui.views.c.h::dVe (71 bytes)
Event: 2559.827 Thread 0x0000023e395a9000 nmethod 22905 0x0000023e46b23390 code [0x0000023e46b239e0, 0x0000023e46b28090]
Event: 2559.834 Thread 0x0000023e395a6800 nmethod 22906 0x0000023e4c9e3290 code [0x0000023e4c9e34a0, 0x0000023e4c9e3990]

GC Heap History (10 events):
Event: 2518.593 GC heap before
{Heap before GC invocations=425 (full 116):
 garbage-first heap   total 235520K, used 77953K [0x0000000700000000, 0x0000000700100730, 0x00000007c0000000)
  region size 1024K, 8 young (8192K), 0 survivors (0K)
 Metaspace       used 84009K, capacity 90421K, committed 90496K, reserved 1128448K
  class space    used 11270K, capacity 12391K, committed 12416K, reserved 1048576K
}
Event: 2518.750 GC heap after
{Heap after GC invocations=426 (full 117):
 garbage-first heap   total 235520K, used 71123K [0x0000000700000000, 0x0000000700100730, 0x00000007c0000000)
  region size 1024K, 0 young (0K), 0 survivors (0K)
 Metaspace       used 84009K, capacity 90421K, committed 90496K, reserved 1128448K
  class space    used 11270K, capacity 12391K, committed 12416K, reserved 1048576K
}
Event: 2545.522 GC heap before
{Heap before GC invocations=426 (full 117):
 garbage-first heap   total 235520K, used 117203K [0x0000000700000000, 0x0000000700100730, 0x00000007c0000000)
  region size 1024K, 38 young (38912K), 0 survivors (0K)
 Metaspace       used 84037K, capacity 90439K, committed 90752K, reserved 1128448K
  class space    used 11273K, capacity 12394K, committed 12416K, reserved 1048576K
}
Event: 2545.692 GC heap after
{Heap after GC invocations=427 (full 118):
 garbage-first heap   total 234496K, used 70169K [0x0000000700000000, 0x0000000700100728, 0x00000007c0000000)
  region size 1024K, 0 young (0K), 0 survivors (0K)
 Metaspace       used 84037K, capacity 90439K, committed 90752K, reserved 1128448K
  class space    used 11273K, capacity 12394K, committed 12416K, reserved 1048576K
}
Event: 2549.347 GC heap before
{Heap before GC invocations=427 (full 118):
 garbage-first heap   total 234496K, used 137753K [0x0000000700000000, 0x0000000700100728, 0x00000007c0000000)
  region size 1024K, 60 young (61440K), 0 survivors (0K)
 Metaspace       used 84050K, capacity 90503K, committed 90752K, reserved 1128448K
  class space    used 11273K, capacity 12394K, committed 12416K, reserved 1048576K
}
Event: 2549.350 GC heap after
{Heap after GC invocations=428 (full 118):
 garbage-first heap   total 234496K, used 76957K [0x0000000700000000, 0x0000000700100728, 0x00000007c0000000)
  region size 1024K, 1 young (1024K), 1 survivors (1024K)
 Metaspace       used 84050K, capacity 90503K, committed 90752K, reserved 1128448K
  class space    used 11273K, capacity 12394K, committed 12416K, reserved 1048576K
}
Event: 2552.595 GC heap before
{Heap before GC invocations=428 (full 118):
 garbage-first heap   total 234496K, used 137373K [0x0000000700000000, 0x0000000700100728, 0x00000007c0000000)
  region size 1024K, 60 young (61440K), 1 survivors (1024K)
 Metaspace       used 84064K, capacity 90503K, committed 90752K, reserved 1128448K
  class space    used 11273K, capacity 12394K, committed 12416K, reserved 1048576K
}
Event: 2552.597 GC heap after
{Heap after GC invocations=429 (full 118):
 garbage-first heap   total 234496K, used 73981K [0x0000000700000000, 0x0000000700100728, 0x00000007c0000000)
  region size 1024K, 1 young (1024K), 1 survivors (1024K)
 Metaspace       used 84064K, capacity 90503K, committed 90752K, reserved 1128448K
  class space    used 11273K, capacity 12394K, committed 12416K, reserved 1048576K
}
Event: 2556.153 GC heap before
{Heap before GC invocations=429 (full 118):
 garbage-first heap   total 234496K, used 126205K [0x0000000700000000, 0x0000000700100728, 0x00000007c0000000)
  region size 1024K, 53 young (54272K), 1 survivors (1024K)
 Metaspace       used 84078K, capacity 90503K, committed 90752K, reserved 1128448K
  class space    used 11273K, capacity 12394K, committed 12416K, reserved 1048576K
}
Event: 2556.325 GC heap after
{Heap after GC invocations=430 (full 119):
 garbage-first heap   total 231424K, used 69236K [0x0000000700000000, 0x0000000700100710, 0x00000007c0000000)
  region size 1024K, 0 young (0K), 0 survivors (0K)
 Metaspace       used 84078K, capacity 90503K, committed 90752K, reserved 1128448K
  class space    used 11273K, capacity 12394K, committed 12416K, reserved 1048576K
}

Deoptimization events (10 events):
Event: 2545.480 Thread 0x0000023e3cdae000 Uncommon trap: reason=unstable_if action=reinterpret pc=0x0000023e4c8a11c8 method=ui.utils.o.h.b.f(Ljava/awt/Rectangle;Ljava/awt/Rectangle;)Z @ 39 c2
Event: 2545.481 Thread 0x0000023e3cdae000 Uncommon trap: reason=unstable_if action=reinterpret pc=0x0000023e4c836354 method=ui.utils.o.h.b.f(Ljava/awt/Rectangle;Ljava/awt/Rectangle;)Z @ 39 c2
Event: 2546.201 Thread 0x0000023e3cdae000 Uncommon trap: reason=unstable_if action=reinterpret pc=0x0000023e4bfa2390 method=com.jidesoft.plaf.basic.BasicCellStyleTableHeaderUIDelegate.isMouseOverPaintArea(Ljava/awt/Point;Ljava/awt/Rectangle;Ljava/awt/Insets;)Z @ 6 c2
Event: 2548.442 Thread 0x0000023e3cdae000 Uncommon trap: reason=unstable_if action=reinterpret pc=0x0000023e4c89bf04 method=java.awt.KeyboardFocusManager.retargetFocusEvent(Ljava/awt/AWTEvent;)Ljava/awt/AWTEvent; @ 129 c2
Event: 2553.416 Thread 0x0000023e3cdae000 Uncommon trap: reason=unstable_if action=reinterpret pc=0x0000023e4c6819cc method=javax.swing.table.JTableHeader.getHeaderRect(I)Ljava/awt/Rectangle; @ 22 c2
Event: 2553.416 Thread 0x0000023e3cdae000 Uncommon trap: reason=unstable_if action=reinterpret pc=0x0000023e4bcf2e44 method=java.awt.Rectangle.inside(II)Z @ 15 c2
Event: 2553.425 Thread 0x0000023e3cdae000 Uncommon trap: reason=unstable_if action=reinterpret pc=0x0000023e4c4eacc0 method=java.awt.Rectangle.inside(II)Z @ 15 c2
Event: 2557.988 Thread 0x0000023e3cdae000 Uncommon trap: reason=bimorphic_or_optimized_type_check action=maybe_recompile pc=0x0000023e4c05125c method=java.awt.Container.dispatchEventImpl(Ljava/awt/AWTEvent;)V @ 34 c2
Event: 2557.995 Thread 0x0000023e3cdae000 Uncommon trap: reason=bimorphic_or_optimized_type_check action=maybe_recompile pc=0x0000023e4c05125c method=java.awt.Container.dispatchEventImpl(Ljava/awt/AWTEvent;)V @ 34 c2
Event: 2558.003 Thread 0x0000023e3cdae000 Uncommon trap: reason=bimorphic_or_optimized_type_check action=maybe_recompile pc=0x0000023e4c05125c method=java.awt.Container.dispatchEventImpl(Ljava/awt/AWTEvent;)V @ 34 c2

Classes redefined (0 events):
No events

Internal exceptions (10 events):
Event: 2065.225 Thread 0x0000023e3cdae000 Exception <a 'java/lang/NoSuchMethodError'{0x00000007057fb500}: java.lang.invoke.DirectMethodHandle$Holder.invokeSpecial(Ljava/lang/Object;Ljava/lang/Object;IILjava/lang/Object;ILjava/lang/Object;I)Ljava/lang/Object;> (0x00000007057fb500) thrown at [t:/wo
Event: 2065.226 Thread 0x0000023e3cdae000 Exception <a 'java/lang/NoSuchMethodError'{0x00000007057fec70}: java.lang.invoke.DelegatingMethodHandle$Holder.reinvoke_L(Ljava/lang/Object;IILjava/lang/Object;ILjava/lang/Object;I)Ljava/lang/Object;> (0x00000007057fec70) thrown at [t:/workspace/hotspot/s
Event: 2113.331 Thread 0x0000023e3cdae000 Exception <a 'java/lang/NoSuchMethodError'{0x000000070e249f90}: java.lang.invoke.DirectMethodHandle$Holder.invokeSpecial(Ljava/lang/Object;Ljava/lang/Object;Ljava/lang/Object;IILjava/lang/Object;Ljava/lang/Object;Ljava/lang/Object;Ljava/lang/Object;Ljava/
Event: 2113.331 Thread 0x0000023e3cdae000 Exception <a 'java/lang/NoSuchMethodError'{0x000000070e24ea28}: java.lang.invoke.DelegatingMethodHandle$Holder.reinvoke_L(Ljava/lang/Object;Ljava/lang/Object;IILjava/lang/Object;Ljava/lang/Object;Ljava/lang/Object;Ljava/lang/Object;Ljava/lang/Object;Ljava
Event: 2113.333 Thread 0x0000023e3cdae000 Exception <a 'java/lang/NoSuchMethodError'{0x000000070e2c1da8}: java.lang.invoke.DirectMethodHandle$Holder.invokeSpecial(Ljava/lang/Object;Ljava/lang/Object;IILjava/lang/Object;Ljava/lang/Object;Ljava/lang/Object;Ljava/lang/Object;Ljava/lang/Object;Ljava/
Event: 2113.333 Thread 0x0000023e3cdae000 Exception <a 'java/lang/NoSuchMethodError'{0x000000070e2c5fd0}: java.lang.invoke.DelegatingMethodHandle$Holder.reinvoke_L(Ljava/lang/Object;IILjava/lang/Object;Ljava/lang/Object;Ljava/lang/Object;Ljava/lang/Object;Ljava/lang/Object;Ljava/lang/Object;Ljava
Event: 2113.335 Thread 0x0000023e3cdae000 Exception <a 'java/lang/NoSuchMethodError'{0x000000070e117eb0}: java.lang.invoke.DirectMethodHandle$Holder.invokeSpecial(Ljava/lang/Object;Ljava/lang/Object;Ljava/lang/Object;Ljava/lang/Object;Ljava/lang/Object;Ljava/lang/Object;Ljava/lang/Object;Ljava/la
Event: 2113.338 Thread 0x0000023e3cdae000 Exception <a 'java/lang/NoSuchMethodError'{0x000000070e19f360}: java.lang.invoke.DirectMethodHandle$Holder.invokeSpecial(Ljava/lang/Object;Ljava/lang/Object;IILjava/lang/Object;IILjava/lang/Object;Ljava/lang/Object;)Ljava/lang/Object;> (0x000000070e19f360
Event: 2113.338 Thread 0x0000023e3cdae000 Exception <a 'java/lang/NoSuchMethodError'{0x000000070e1a2c98}: java.lang.invoke.DelegatingMethodHandle$Holder.reinvoke_L(Ljava/lang/Object;IILjava/lang/Object;IILjava/lang/Object;Ljava/lang/Object;)Ljava/lang/Object;> (0x000000070e1a2c98) thrown at [t:/w
Event: 2113.340 Thread 0x0000023e3cdae000 Exception <a 'java/lang/NoSuchMethodError'{0x000000070e1f9a10}: java.lang.invoke.DirectMethodHandle$Holder.invokeSpecial(Ljava/lang/Object;Ljava/lang/Object;Ljava/lang/Object;IILjava/lang/Object;Ljava/lang/Object;)Ljava/lang/Object;> (0x000000070e1f9a10) 

Events (10 events):
Event: 2557.995 Thread 0x0000023e3cdae000 Uncommon trap: trap_request=0xffffffc6 fr.pc=0x0000023e4c05125c relative=0x000000000000081c
Event: 2557.995 Thread 0x0000023e3cdae000 DEOPT PACKING pc=0x0000023e4c05125c sp=0x0000006503df6050
Event: 2557.995 Thread 0x0000023e3cdae000 DEOPT UNPACKING pc=0x0000023e439edf29 sp=0x0000006503df5ff8 mode 2
Event: 2558.003 Thread 0x0000023e3cdae000 Uncommon trap: trap_request=0xffffffc6 fr.pc=0x0000023e4c05125c relative=0x000000000000081c
Event: 2558.003 Thread 0x0000023e3cdae000 DEOPT PACKING pc=0x0000023e4c05125c sp=0x0000006503df6050
Event: 2558.003 Thread 0x0000023e3cdae000 DEOPT UNPACKING pc=0x0000023e439edf29 sp=0x0000006503df5ff8 mode 2
Event: 2558.326 Thread 0x0000023e64d39000 Thread added: 0x0000023e64d39000
Event: 2558.330 Thread 0x0000023e64d39000 Thread exited: 0x0000023e64d39000
Event: 2559.327 Thread 0x0000023e64d37800 Thread added: 0x0000023e64d37800
Event: 2559.335 Thread 0x0000023e64d37800 Thread exited: 0x0000023e64d37800


Dynamic libraries:
0x00007ff6d8a00000 - 0x00007ff6d8a30000 	G:\Xilinx\Vivado\2019.1\bin\unwrapped\win64.o\vivado.exe
0x00007ff998f90000 - 0x00007ff999188000 	C:\Windows\SYSTEM32\ntdll.dll
0x00007ff997720000 - 0x00007ff9977dd000 	C:\Windows\System32\KERNEL32.DLL
0x00007ff996cd0000 - 0x00007ff996fc6000 	C:\Windows\System32\KERNELBASE.dll
0x00007ff996a40000 - 0x00007ff996b40000 	C:\Windows\System32\ucrtbase.dll
0x00007ff971e70000 - 0x00007ff971efe000 	C:\Windows\SYSTEM32\MSVCP140.dll
0x00007ff9745b0000 - 0x00007ff9745cb000 	C:\Windows\SYSTEM32\VCRUNTIME140.dll
0x00007ff974650000 - 0x00007ff97465c000 	C:\Windows\SYSTEM32\VCRUNTIME140_1.dll
0x00007ff97d050000 - 0x00007ff97d064000 	G:\Xilinx\Vivado\2019.1\lib\win64.o\libboost_signals.dll
0x00007ff970e00000 - 0x00007ff970e14000 	G:\Xilinx\Vivado\2019.1\lib\win64.o\librdi_commonmain.dll
0x00007ff97e300000 - 0x00007ff97e30a000 	G:\Xilinx\Vivado\2019.1\lib\win64.o\librdi_commonversion.dll
0x00007ff96ef60000 - 0x00007ff96ef86000 	G:\Xilinx\Vivado\2019.1\lib\win64.o\libboost_filesystem.dll
0x00007ff9981c0000 - 0x00007ff998273000 	C:\Windows\System32\ADVAPI32.dll
0x00007ff997e40000 - 0x00007ff997ede000 	C:\Windows\System32\msvcrt.dll
0x00007ff997b90000 - 0x00007ff997c2f000 	C:\Windows\System32\sechost.dll
0x00007ff997880000 - 0x00007ff9979a6000 	C:\Windows\System32\RPCRT4.dll
0x00007ff996ca0000 - 0x00007ff996cc7000 	C:\Windows\System32\bcrypt.dll
0x00007ff968af0000 - 0x00007ff968c11000 	G:\Xilinx\Vivado\2019.1\lib\win64.o\librdi_commonxillic.dll
0x00007ff997c30000 - 0x00007ff997dce000 	C:\Windows\System32\USER32.dll
0x00007ff996970000 - 0x00007ff996992000 	C:\Windows\System32\win32u.dll
0x00007ff997b60000 - 0x00007ff997b8b000 	C:\Windows\System32\GDI32.dll
0x00007ff996710000 - 0x00007ff996827000 	C:\Windows\System32\gdi32full.dll
0x00007ff9969a0000 - 0x00007ff996a3d000 	C:\Windows\System32\msvcp_win.dll
0x00000000675d0000 - 0x00000000676fb000 	G:\Xilinx\Vivado\2019.1\lib\win64.o\tcl85t.dll
0x00007ff997dd0000 - 0x00007ff997e3b000 	C:\Windows\System32\WS2_32.dll
0x00007ff979450000 - 0x00007ff97945b000 	G:\Xilinx\Vivado\2019.1\lib\win64.o\libboost_system.dll
0x00007ff9220a0000 - 0x00007ff922378000 	G:\Xilinx\Vivado\2019.1\lib\win64.o\libXil_lmgr11.dll
0x00007ff998960000 - 0x00007ff998a3a000 	C:\Windows\System32\COMDLG32.dll
0x00007ff998bf0000 - 0x00007ff998f44000 	C:\Windows\System32\combase.dll
0x00007ff9988a0000 - 0x00007ff99894d000 	C:\Windows\System32\shcore.dll
0x00007ff997820000 - 0x00007ff997875000 	C:\Windows\System32\SHLWAPI.dll
0x00007ff996fd0000 - 0x00007ff997715000 	C:\Windows\System32\SHELL32.dll
0x00007ff9979b0000 - 0x00007ff997a7d000 	C:\Windows\System32\OLEAUT32.dll
0x00007ff997f60000 - 0x00007ff99808b000 	C:\Windows\System32\ole32.dll
0x00007ff9966a0000 - 0x00007ff996707000 	C:\Windows\System32\WINTRUST.dll
0x00007ff996b40000 - 0x00007ff996c9d000 	C:\Windows\System32\CRYPT32.dll
0x00007ff921f80000 - 0x00007ff922094000 	G:\Xilinx\Vivado\2019.1\lib\win64.o\libboost_regex.dll
0x00007ff979570000 - 0x00007ff979589000 	C:\Windows\SYSTEM32\NETAPI32.dll
0x00007ff96e290000 - 0x00007ff96e340000 	C:\Windows\WinSxS\amd64_microsoft.windows.common-controls_6595b64144ccf1df_5.82.19041.3636_none_7931fb75243f97c8\COMCTL32.dll
0x00007ff96f430000 - 0x00007ff96f439000 	C:\Windows\SYSTEM32\WSOCK32.dll
0x00007ff98e920000 - 0x00007ff98e93d000 	C:\Windows\SYSTEM32\dhcpcsvc.DLL
0x00007ff921090000 - 0x00007ff921f72000 	G:\Xilinx\Vivado\2019.1\lib\win64.o\librdi_common.dll
0x00007ff96ef40000 - 0x00007ff96ef54000 	G:\Xilinx\Vivado\2019.1\lib\win64.o\libboost_date_time.dll
0x00007ff96f310000 - 0x00007ff96f31f000 	G:\Xilinx\Vivado\2019.1\lib\win64.o\libboost_xilinx.dll
0x00007ff96a700000 - 0x00007ff96a721000 	G:\Xilinx\Vivado\2019.1\lib\win64.o\libboost_thread.dll
0x00007ff960e60000 - 0x00007ff960ee2000 	G:\Xilinx\Vivado\2019.1\lib\win64.o\libhdlpsolve.dll
0x00007ff920d20000 - 0x00007ff92108e000 	G:\Xilinx\Vivado\2019.1\lib\win64.o\libCOIN-all.dll
0x00007ff920c70000 - 0x00007ff920d15000 	G:\Xilinx\Vivado\2019.1\lib\win64.o\libhdxml.dll
0x00007ff968ac0000 - 0x00007ff968aee000 	G:\Xilinx\Vivado\2019.1\lib\win64.o\libisl_sysinfo.dll
0x00007ff960b10000 - 0x00007ff960b8f000 	G:\Xilinx\Vivado\2019.1\lib\win64.o\libboost_program_options.dll
0x00007ff968aa0000 - 0x00007ff968aba000 	G:\Xilinx\Vivado\2019.1\lib\win64.o\pthreadVC2.dll
0x00007ff9627c0000 - 0x00007ff9627dc000 	G:\Xilinx\Vivado\2019.1\lib\win64.o\librdiconfig.dll
0x00007ff920980000 - 0x00007ff9209e5000 	G:\Xilinx\Vivado\2019.1\lib\win64.o\liblmx6.0.dll
0x00007ff9799c0000 - 0x00007ff979e96000 	C:\Windows\SYSTEM32\WININET.dll
0x00007ff98ca40000 - 0x00007ff98cb4a000 	C:\Windows\SYSTEM32\WINHTTP.dll
0x00007ff983e70000 - 0x00007ff98405c000 	C:\Windows\SYSTEM32\urlmon.dll
0x00007ff962790000 - 0x00007ff9627b1000 	G:\Xilinx\Vivado\2019.1\lib\win64.o\librdizlib.dll
0x00007ff920c30000 - 0x00007ff920c61000 	C:\Windows\SYSTEM32\VCOMP140.DLL
0x00007ff9712b0000 - 0x00007ff9712bd000 	G:\Xilinx\Vivado\2019.1\lib\win64.o\libboost_chrono.dll
0x00007ff983340000 - 0x00007ff9835fc000 	C:\Windows\SYSTEM32\iertutil.dll
0x00007ff989f80000 - 0x00007ff989fa8000 	C:\Windows\SYSTEM32\srvcli.dll
0x00007ff995b30000 - 0x00007ff995b3c000 	C:\Windows\SYSTEM32\netutils.dll
0x0000000012000000 - 0x0000000012270000 	G:\Xilinx\Vivado\2019.1\lib\win64.o\xerces-c_3_1.dll
0x00007ff91f9f0000 - 0x00007ff920881000 	G:\Xilinx\Vivado\2019.1\lib\win64.o\gurobi65.dll
0x00007ff91ee40000 - 0x00007ff91f9ef400 	G:\Xilinx\Vivado\2019.1\lib\win64.o\libisl_iostreams.dll
0x00007ff971280000 - 0x00007ff9712a5000 	G:\Xilinx\Vivado\2019.1\lib\win64.o\libisl_iosutils.dll
0x00007ff971260000 - 0x00007ff97127b000 	G:\Xilinx\Vivado\2019.1\lib\win64.o\libboost_iostreams.dll
0x00007ff9977e0000 - 0x00007ff997812000 	C:\Windows\System32\IMM32.DLL
0x00007ff996210000 - 0x00007ff996222000 	C:\Windows\SYSTEM32\MSASN1.dll
0x00007ff994e50000 - 0x00007ff994e62000 	C:\Windows\SYSTEM32\kernel.appcore.dll
0x00007ff91e920000 - 0x00007ff91ee37000 	G:\Xilinx\Vivado\2019.1\lib\win64.o\librdi_commontasks.dll
0x00007ff98fdc0000 - 0x00007ff98fdca000 	C:\Windows\SYSTEM32\VERSION.dll
0x00007ff91e690000 - 0x00007ff91e916000 	G:\Xilinx\Vivado\2019.1\lib\win64.o\librdi_sio.dll
0x00007ff995a20000 - 0x00007ff995a5b000 	C:\Windows\SYSTEM32\IPHLPAPI.DLL
0x0000000066ba0000 - 0x00000000675c5000 	G:\Xilinx\Vivado\2019.1\tps\win64\jre9.0.4\bin\server\jvm.dll
0x00007ff998950000 - 0x00007ff998958000 	C:\Windows\System32\PSAPI.DLL
0x00007ff989750000 - 0x00007ff989777000 	C:\Windows\SYSTEM32\WINMM.dll
0x00007ff995d10000 - 0x00007ff995d7a000 	C:\Windows\SYSTEM32\MSWSOCK.DLL
0x00007ff953960000 - 0x00007ff953a4f000 	C:\Windows\SYSTEM32\MSVCR120.dll
0x00007ff9946a0000 - 0x00007ff994e3c000 	C:\Windows\SYSTEM32\windows.storage.dll
0x00007ff995fa0000 - 0x00007ff995fce000 	C:\Windows\SYSTEM32\Wldp.dll
0x00007ff917650000 - 0x00007ff919b0c000 	G:\Xilinx\Vivado\2019.1\lib\win64.o\librdi_tcltasks.dll
0x00007ff91e4f0000 - 0x00007ff91e681000 	G:\Xilinx\Vivado\2019.1\lib\win64.o\librdi_board.dll
0x00007ff962840000 - 0x00007ff9628b8000 	G:\Xilinx\Vivado\2019.1\lib\win64.o\librdi_boarddep.dll
0x00007ff91e0e0000 - 0x00007ff91e4e8000 	G:\Xilinx\Vivado\2019.1\lib\win64.o\librdi_bitstream.dll
0x00007ff91dff0000 - 0x00007ff91e0db000 	G:\Xilinx\Vivado\2019.1\lib\win64.o\librdi_chipscope.dll
0x00007ff91c1e0000 - 0x00007ff91c39d000 	G:\Xilinx\Vivado\2019.1\lib\win64.o\librdi_chipscopeimpl.dll
0x00007ff91c850000 - 0x00007ff91c9a6000 	G:\Xilinx\Vivado\2019.1\lib\win64.o\librdi_containers.dll
0x00007ff915790000 - 0x00007ff917641000 	G:\Xilinx\Vivado\2019.1\lib\win64.o\librdi_coregen.dll
0x00007ff913da0000 - 0x00007ff91578a000 	G:\Xilinx\Vivado\2019.1\lib\win64.o\librdi_constraints.dll
0x00007ff8f6760000 - 0x00007ff8fa7a3000 	G:\Xilinx\Vivado\2019.1\lib\win64.o\librdi_designutils.dll
0x00007ff91ab90000 - 0x00007ff91aeae000 	G:\Xilinx\Vivado\2019.1\lib\win64.o\librdi_dlyest.dll
0x00007ff953890000 - 0x00007ff953954000 	G:\Xilinx\Vivado\2019.1\lib\win64.o\librdi_dsp.dll
0x00007ff91a4b0000 - 0x00007ff91ab8a000 	G:\Xilinx\Vivado\2019.1\lib\win64.o\librdi_coregenipxact.dll
0x00007ff913800000 - 0x00007ff913d9a000 	G:\Xilinx\Vivado\2019.1\lib\win64.o\librdi_drc.dll
0x00007ff91def0000 - 0x00007ff91df55000 	G:\Xilinx\Vivado\2019.1\lib\win64.o\librdi_hdf.dll
0x00007ff91a1c0000 - 0x00007ff91a4a3000 	G:\Xilinx\Vivado\2019.1\lib\win64.o\librdi_guitools.dll
0x00007ff912240000 - 0x00007ff913800000 	G:\Xilinx\Vivado\2019.1\lib\win64.o\librdi_implflow.dll
0x00007ff911bf0000 - 0x00007ff91223d000 	G:\Xilinx\Vivado\2019.1\lib\win64.o\librdi_filemgmt.dll
0x00007ff8e41f0000 - 0x00007ff8f661c000 	G:\Xilinx\Vivado\2019.1\lib\win64.o\librdi_device.dll
0x00007ff91de70000 - 0x00007ff91dee3000 	G:\Xilinx\Vivado\2019.1\lib\win64.o\librdi_memoryarray.dll
0x00007ff9115d0000 - 0x00007ff911be5000 	G:\Xilinx\Vivado\2019.1\lib\win64.o\librdi_memdata.dll
0x00007ff9627f0000 - 0x00007ff96283b000 	G:\Xilinx\Vivado\2019.1\lib\win64.o\librdi_pfi.dll
0x00007ff910f20000 - 0x00007ff9115c2000 	G:\Xilinx\Vivado\2019.1\lib\win64.o\librdi_netlist.dll
0x00007ff8fb260000 - 0x00007ff8fdf46000 	G:\Xilinx\Vivado\2019.1\lib\win64.o\librdi_mig.dll
0x00007ff910c10000 - 0x00007ff910f1f000 	G:\Xilinx\Vivado\2019.1\lib\win64.o\librdi_platform.dll
0x00007ff9104c0000 - 0x00007ff910c0a000 	G:\Xilinx\Vivado\2019.1\lib\win64.o\librdi_power.dll
0x00007ff8e1b70000 - 0x00007ff8e41e6000 	G:\Xilinx\Vivado\2019.1\lib\win64.o\librdi_place.dll
0x00007ff9100c0000 - 0x00007ff9104b1000 	G:\Xilinx\Vivado\2019.1\lib\win64.o\librdi_runs.dll
0x00007ff8ff8e0000 - 0x00007ff8ffe5f000 	G:\Xilinx\Vivado\2019.1\lib\win64.o\librdi_project.dll
0x00007ff8ff1d0000 - 0x00007ff8ff8d9000 	G:\Xilinx\Vivado\2019.1\lib\win64.o\librdi_psta.dll
0x00007ff8feac0000 - 0x00007ff8ff1c6000 	G:\Xilinx\Vivado\2019.1\lib\win64.o\librdi_rsb.dll
0x00007ff90fd50000 - 0x00007ff90ffa6000 	G:\Xilinx\Vivado\2019.1\lib\win64.o\librdi_simdata.dll
0x00007ff90fbd0000 - 0x00007ff90fd42000 	G:\Xilinx\Vivado\2019.1\lib\win64.o\librdi_advchipscopeimpl.dll
0x00007ff8fe9c0000 - 0x00007ff8feaba000 	G:\Xilinx\Vivado\2019.1\lib\win64.o\librdi_runsbase.dll
0x00007ff91dd50000 - 0x00007ff91dd93000 	G:\Xilinx\Vivado\2019.1\lib\win64.o\librdi_noc_frameworks.dll
0x00007ff8e0d50000 - 0x00007ff8e1b61000 	G:\Xilinx\Vivado\2019.1\lib\win64.o\librdi_timing.dll
0x00007ff8fe820000 - 0x00007ff8fe9bf000 	G:\Xilinx\Vivado\2019.1\lib\win64.o\librdi_hip_devdesign.dll
0x00007ff91dd00000 - 0x00007ff91dd4c000 	G:\Xilinx\Vivado\2019.1\lib\win64.o\libboost_serialization.dll
0x00007ff91a0f0000 - 0x00007ff91a1b2000 	G:\Xilinx\Vivado\2019.1\lib\win64.o\librdi_ipconfig_readwrite.dll
0x00007ff8fe2d0000 - 0x00007ff8fe81e000 	G:\Xilinx\Vivado\2019.1\lib\win64.o\librdi_xdm.dll
0x00007ff910020000 - 0x00007ff9100be000 	G:\Xilinx\Vivado\2019.1\lib\win64.o\libise.dll
0x00007ff8fae70000 - 0x00007ff8fb255000 	G:\Xilinx\Vivado\2019.1\lib\win64.o\librdi_hip_config.dll
0x00007ff91c810000 - 0x00007ff91c850000 	G:\Xilinx\Vivado\2019.1\lib\win64.o\librdi_wavedata_SimpleApi.dll
0x00007ff8dfbc0000 - 0x00007ff8e0d4d000 	G:\Xilinx\Vivado\2019.1\lib\win64.o\librdi_route.dll
0x00007ff8df070000 - 0x00007ff8dfbb7000 	G:\Xilinx\Vivado\2019.1\lib\win64.o\libverific.dll
0x00007ff91c1a0000 - 0x00007ff91c1df000 	G:\Xilinx\Vivado\2019.1\lib\win64.o\librdi_schedmon.dll
0x00007ff8fe240000 - 0x00007ff8fe2c8000 	G:\Xilinx\Vivado\2019.1\lib\win64.o\librdi_meir_core.dll

VM Arguments:
jvm_args: -Dsun.java2d.pmoffscreen=false -Dsun.java2d.xrender=false -Dsun.java2d.d3d=false -Dsun.awt.nopixfmt=true -Dsun.java2d.dpiaware=true -Dsun.java2d.uiScale.enabled=false -Xverify:none -Dswing.aatext=true -XX:-UsePerfData -Djdk.map.althashing.threshold=512 -XX:StringTableSize=4072 --add-opens=java.base/java.nio=ALL-UNNAMED --add-opens=java.desktop/sun.swing=ALL-UNNAMED --add-opens=java.desktop/javax.swing=ALL-UNNAMED --add-opens=java.desktop/javax.swing.tree=ALL-UNNAMED --add-opens=java.desktop/javax.swing.plaf.basic=ALL-UNNAMED --add-opens=java.desktop/javax.swing.plaf.synth=ALL-UNNAMED --add-opens=java.desktop/com.sun.awt=ALL-UNNAMED -XX:NewSize=60m -XX:MaxNewSize=60m -Xms128m -Xmx3072m -Xss5m 
java_command: <unknown>
java_class_path (initial): G:/Xilinx/Vivado/2019.1\lib\classes\alloy.jar;G:/Xilinx/Vivado/2019.1\lib\classes\autopilot.scelaborator.jar;G:/Xilinx/Vivado/2019.1\lib\classes\autopilot.sourceprocessor.jar;G:/Xilinx/Vivado/2019.1\lib\classes\autopilot.tbprocessor.jar;G:/Xilinx/Vivado/2019.1\lib\classes\batik-anim.jar;G:/Xilinx/Vivado/2019.1\lib\classes\batik-awt-util.jar;G:/Xilinx/Vivado/2019.1\lib\classes\batik-bridge.jar;G:/Xilinx/Vivado/2019.1\lib\classes\batik-codec.jar;G:/Xilinx/Vivado/2019.1\lib\classes\batik-css.jar;G:/Xilinx/Vivado/2019.1\lib\classes\batik-dom.jar;G:/Xilinx/Vivado/2019.1\lib\classes\batik-ext.jar;G:/Xilinx/Vivado/2019.1\lib\classes\batik-gui-util.jar;G:/Xilinx/Vivado/2019.1\lib\classes\batik-gvt.jar;G:/Xilinx/Vivado/2019.1\lib\classes\batik-parser.jar;G:/Xilinx/Vivado/2019.1\lib\classes\batik-script.jar;G:/Xilinx/Vivado/2019.1\lib\classes\batik-svg-dom.jar;G:/Xilinx/Vivado/2019.1\lib\classes\batik-swing.jar;G:/Xilinx/Vivado/2019.1\lib\classes\batik-transcoder.jar;G:/Xilinx/Vivado/2019.1\lib\classes\batik-util.jar;G:/Xilinx/Vivado/2019.1\lib\classes\batik-xml.jar;G:/Xilinx/Vivado/2019.1\lib\classes\com.google.gson_2.7.0.v20170129-0911.jar;G:/Xilinx/Vivado/2019.1\lib\classes\com.google.guava_21.0.0.v20170206-1425.jar;G:/Xilinx/Vivado/2019.1\lib\classes\com.google.inject_3.0.0.v201605172100.jar;G:/Xilinx/Vivado/2019.1\lib\classes\com.ibm.icu_4.4.2.v20110208.jar;G:/Xilinx/Vivado/2019.1\lib\classes\com.sigasi.hdt.annotations.runtime_4.3.0.201903071210.jar;G:/Xilinx/Vivado/2019.1\lib\classes\com.sigasi.hdt.blockdiagram.model_4.3.0.201903071210.jar;G:/Xilinx/Vivado/2019.1\lib\classes\com.sigasi.hdt.connection_4.3.0.201903071210.jar;G:/Xilinx/Vivado/2019.1\lib\classes\com.sigasi.hdt.dependencies.model_4.3.0.201903071210.jar;G:/Xilinx/Vivado/2019.1\lib\classes\com.sigasi.hdt.epl_4.3.0.201903071210.jar;G:/Xilinx/Vivado/2019.1\lib\classes\com.sigasi.hdt.graphics.model_4.3.0.201903071210.jar;G:/Xilinx/Vivado/2019.1\lib\classes\com.sigasi.hdt.project_4.3.0
Launcher Type: generic

Logging:
Log output configuration:
#0: stdout all=warning uptime,level,tags
#1: stderr all=off uptime,level,tags

Environment Variables:
PATH=G:/Xilinx/Vivado/2019.1/bin;G:/Xilinx/Vivado/2019.1/lib/win64.o;G:/Xilinx/Vivado/2019.1/tps/win64/jre9.0.4/bin/server;G:/Xilinx/Vivado/2019.1/tps/win64/jre9.0.4/bin;G:/Xilinx/SDK/2019.1/bin;G:/Xilinx/Vivado/2019.1/ids_lite/ISE/bin/nt64;G:/Xilinx/Vivado/2019.1/ids_lite/ISE/lib/nt64;C:\Program Files\Common Files\Oracle\Java\javapath;C:\Windows\system32;C:\Windows;C:\Windows\System32\Wbem;C:\Windows\System32\WindowsPowerShell\v1.0\;C:\Windows\System32\OpenSSH\;C:\Program Files\MATLAB\R2021b\runtime\win64;C:\Program Files\MATLAB\R2021b\bin;C:\ProgramData\chocolatey\bin;C:\Program Files\Git\cmd;C:\Program Files\NVIDIA Corporation\NVIDIA NvDLISR;C:\Program Files (x86)\NVIDIA Corporation\PhysX\Common;C:\Program Files\Cloudflare\Cloudflare WARP\;C:\Program Files\dotnet\;C:\Users\LENOVO\AppData\Local\Microsoft\WindowsApps;;C:\Users\LENOVO\AppData\Local\Programs\Microsoft VS Code\bin;G:/Xilinx/Vivado/2019.1\tps\mingw\6.2.0\win64.o\nt\bin;G:/Xilinx/Vivado/2019.1\tps\mingw\6.2.0\win64.o\nt\libexec\gcc\x86_64-w64-mingw32\6.2.0;G:/Xilinx/Vivado/2019.1\tps\win64\python-2.7.5;G:/Xilinx/Vivado/2019.1\tps\win64\python-2.7.5\lib;G:/Xilinx/Vivado/2019.1\tps\win64\python-2.7.5\Lib\lib-tk;G:/Xilinx/Vivado/2019.1\tps\win64\python-2.7.5\lib\site-packages
USERNAME=LENOVO
OS=Windows_NT
PROCESSOR_IDENTIFIER=Intel64 Family 6 Model 142 Stepping 12, GenuineIntel



---------------  S Y S T E M  ---------------

OS: Windows 10 , 64 bit Build 19041 (10.0.19041.3636)

CPU:total 8 (initial active 8) (4 cores per cpu, 2 threads per core) family 6 model 142 stepping 12, cmov, cx8, fxsr, mmx, sse, sse2, sse3, ssse3, sse4.1, sse4.2, popcnt, avx, avx2, aes, clmul, erms, 3dnowpref, lzcnt, ht, tsc, tscinvbit, bmi1, bmi2, adx, fma

Memory: 4k page, physical 8218420k(2099760k free), swap 16530340k(7339132k free)

vm_info: Java HotSpot(TM) 64-Bit Server VM (9.0.4+11) for windows-amd64 JRE (9.0.4+11), built on Dec 20 2017 02:18:54 by "mach5one" with MS VC++ 12.0 (VS2013)

END.
